2018-09-06 07:03:10	192.168.9.177	{"action":"SAVE_WIN_POS","userId":"1","data":"[{\"id\":\"dettWin\",\"l\":-2,\"t\":0,\"w\":791,\"h\":728},{\"id\":\"dettAccWin\",\"l\":796,\"t\":0,\"w\":600,\"h\":420}]"}
2018-09-06 07:03:55	192.168.9.177	{"action":"LOGIN","uid":"admin","pwd":"Passw0rd!"}
2018-09-06 07:04:01	192.168.9.177	{"action":"GET_DETT_CREDIT","dettId":"13"}
2018-09-06 07:04:41	192.168.9.177	{"action":"WL_DELETE","wlId":"196"}
2018-09-06 07:08:51	192.168.9.177	{"action":"GET_CONST","constName":"durations"}
2018-09-06 07:16:41	::1	{"action":"EXT_ENABLED","ext":"301"}
2018-09-06 07:16:45	::1	{"action":"CHECK_CARD","pin":"NaN","realpin":"undefined"}
2018-09-06 07:16:45	::1	**ERROR:Tessera non presente in Db
2018-09-06 07:16:50	::1	{"action":"EXT_ENABLED","ext":"305"}
2018-09-06 07:16:54	::1	{"action":"CHECK_CARD","pin":"NaN","realpin":"undefined"}
2018-09-06 07:16:54	::1	**ERROR:Tessera non presente in Db
2018-09-06 07:23:46	::1	{"action":"EXT_ENABLED","ext":"303"}
2018-09-06 07:23:54	::1	{"action":"CHECK_CARD","pin":"NaN","realpin":"undefined"}
2018-09-06 07:23:54	::1	**ERROR:Tessera non presente in Db
2018-09-06 07:40:35	192.168.9.177	{"action":"EXT_MOD","act":"A","ext":"321","pwd":"p5w!321#"}
2018-09-06 07:41:17	::1	{"action":"EXT_ENABLED","ext":"321"}
2018-09-06 07:41:20	::1	{"action":"CHECK_CARD","pin":"NaN","realpin":"undefined"}
2018-09-06 07:41:20	::1	**ERROR:Tessera non presente in Db
2018-09-06 07:41:28	::1	{"action":"EXT_ENABLED","ext":"321"}
2018-09-06 07:41:31	::1	{"action":"CHECK_CARD","pin":"NaN","realpin":"undefined"}
2018-09-06 07:41:31	::1	**ERROR:Tessera non presente in Db
2018-09-06 07:41:54	::1	{"action":"EXT_ENABLED","ext":"317"}
2018-09-06 07:41:54	::1	**ERROR:ext NOT found
2018-09-06 07:42:58	::1	{"action":"EXT_ENABLED","ext":"317"}
2018-09-06 07:42:58	::1	**ERROR:ext NOT found
2018-09-06 07:44:14	192.168.9.177	{"action":"EXT_MOD","act":"A","ext":"306","pwd":"p5w!306#"}
2018-09-06 07:44:48	192.168.9.177	{"action":"EXT_MOD","act":"A","ext":"307","pwd":"p5w!307#"}
2018-09-06 07:45:44	192.168.9.177	{"action":"EXT_MOD","act":"A","ext":"307","pwd":"p5w!307#"}
2018-09-06 07:47:09	192.168.9.177	{"action":"EXT_MOD","act":"A","ext":"322","pwd":"p5w!322#"}
2018-09-06 07:47:29	192.168.9.177	{"action":"EXT_MOD","act":"A","ext":"323","pwd":"p5w!323#"}
2018-09-06 07:47:51	192.168.9.177	{"action":"EXT_MOD","act":"A","ext":"324","pwd":"p5w!324#"}
2018-09-06 07:48:07	::1	{"action":"EXT_ENABLED","ext":"317"}
2018-09-06 07:48:07	::1	**ERROR:ext NOT found
2018-09-06 07:49:48	::1	{"action":"EXT_ENABLED","ext":"317"}
2018-09-06 07:49:48	::1	**ERROR:ext NOT found
2018-09-06 07:51:44	192.168.9.177	{"action":"EXT_MOD","act":"A","ext":"317","pwd":"p5w!317"}
2018-09-06 07:56:30	::1	{"action":"EXT_ENABLED","ext":"321"}
2018-09-06 07:56:34	::1	{"action":"CHECK_CARD","pin":"NaN","realpin":"undefined"}
2018-09-06 07:56:34	::1	**ERROR:Tessera non presente in Db
2018-09-06 07:57:17	::1	{"action":"EXT_ENABLED","ext":"321"}
2018-09-06 07:57:20	::1	{"action":"CHECK_CARD","pin":"NaN","realpin":"undefined"}
2018-09-06 07:57:20	::1	**ERROR:Tessera non presente in Db
2018-09-06 07:58:34	192.168.9.177	{"action":"EXT_MOD","act":"A","ext":"317","pwd":"p5w!317#"}
2018-09-06 07:58:43	::1	{"action":"EXT_ENABLED","ext":"317"}
2018-09-06 07:58:46	::1	{"action":"CHECK_CARD","pin":"NaN","realpin":"undefined"}
2018-09-06 07:58:46	::1	**ERROR:Tessera non presente in Db
2018-09-06 07:59:19	192.168.9.177	{"action":"EXT_MOD","act":"A","ext":"322","pwd":"p5w!322#"}
2018-09-06 07:59:26	192.168.9.177	{"action":"EXT_MOD","act":"A","ext":"323","pwd":"p5w!323#"}
2018-09-06 07:59:33	192.168.9.177	{"action":"EXT_MOD","act":"A","ext":"324","pwd":"p5w!324#"}
2018-09-06 08:01:28	::1	{"action":"EXT_ENABLED","ext":"317"}
2018-09-06 08:01:32	::1	{"action":"CHECK_CARD","pin":"NaN","realpin":"undefined"}
2018-09-06 08:01:32	::1	**ERROR:Tessera non presente in Db
2018-09-06 08:01:36	::1	{"action":"EXT_ENABLED","ext":"317"}
2018-09-06 08:01:39	::1	{"action":"CHECK_CARD","pin":"NaN","realpin":"undefined"}
2018-09-06 08:01:39	::1	**ERROR:Tessera non presente in Db
2018-09-06 08:01:50	::1	{"action":"EXT_ENABLED","ext":"313"}
2018-09-06 08:01:50	::1	**ERROR:ext NOT found
2018-09-06 08:01:59	::1	{"action":"EXT_ENABLED","ext":"313"}
2018-09-06 08:01:59	::1	**ERROR:ext NOT found
2018-09-06 08:06:06	192.168.9.177	{"action":"EXT_MOD","act":"A","ext":"308","pwd":"p5w!308#"}
2018-09-06 08:06:21	192.168.9.177	{"action":"EXT_MOD","act":"A","ext":"309","pwd":"p5w!309#"}
2018-09-06 08:06:36	192.168.9.177	{"action":"EXT_MOD","act":"A","ext":"310","pwd":"p5w!310#"}
2018-09-06 08:06:40	192.168.9.177	{"action":"EXT_MOD","act":"A","ext":"309","pwd":"p5w!309#"}
2018-09-06 08:06:45	192.168.9.177	{"action":"EXT_MOD","act":"A","ext":"308","pwd":"p5w!308#"}
2018-09-06 08:07:17	192.168.9.177	{"action":"EXT_MOD","act":"A","ext":"311","pwd":"p5w!311#"}
2018-09-06 08:07:35	192.168.9.177	{"action":"EXT_MOD","act":"A","ext":"312","pwd":"p5w!312#"}
2018-09-06 08:07:51	192.168.9.177	{"action":"EXT_MOD","act":"A","ext":"313","pwd":"p5w!313"}
2018-09-06 08:07:58	192.168.9.177	{"action":"EXT_MOD","act":"A","ext":"313","pwd":"p5w!313#"}
2018-09-06 08:08:17	192.168.9.177	{"action":"EXT_MOD","act":"A","ext":"314","pwd":"p5w!314#"}
2018-09-06 08:08:34	192.168.9.177	{"action":"EXT_MOD","act":"A","ext":"315","pwd":"p5w!315#"}
2018-09-06 08:08:58	192.168.9.177	{"action":"EXT_MOD","act":"A","ext":"316","pwd":"p5w!316#"}
2018-09-06 08:09:27	192.168.9.177	{"action":"EXT_MOD","act":"A","ext":"318","pwd":"p5w!318#"}
2018-09-06 08:09:49	192.168.9.177	{"action":"EXT_MOD","act":"A","ext":"319","pwd":"p5w!319#"}
2018-09-06 08:10:22	192.168.9.177	{"action":"EXT_MOD","act":"A","ext":"320","pwd":"p5w!320#"}
2018-09-06 08:10:27	::1	{"action":"EXT_ENABLED","ext":"313"}
2018-09-06 08:10:30	::1	{"action":"CHECK_CARD","pin":"NaN","realpin":"undefined"}
2018-09-06 08:10:30	::1	**ERROR:Tessera non presente in Db
2018-09-06 08:10:36	::1	{"action":"EXT_ENABLED","ext":"313"}
2018-09-06 08:10:43	::1	{"action":"CHECK_CARD","pin":"NaN","realpin":"undefined"}
2018-09-06 08:10:43	::1	**ERROR:Tessera non presente in Db
2018-09-06 08:10:50	::1	{"action":"EXT_ENABLED","ext":"309"}
2018-09-06 08:10:55	::1	{"action":"CHECK_CARD","pin":"NaN","realpin":"undefined"}
2018-09-06 08:10:55	::1	**ERROR:Tessera non presente in Db
2018-09-06 08:11:01	::1	{"action":"EXT_ENABLED","ext":"305"}
2018-09-06 08:11:05	::1	{"action":"CHECK_CARD","pin":"NaN","realpin":"undefined"}
2018-09-06 08:11:05	::1	**ERROR:Tessera non presente in Db
2018-09-06 08:11:12	::1	{"action":"EXT_ENABLED","ext":"301"}
2018-09-06 08:11:19	::1	{"action":"CHECK_CARD","pin":"NaN","realpin":"undefined"}
2018-09-06 08:11:19	::1	**ERROR:Tessera non presente in Db
2018-09-06 08:12:12	::1	{"action":"EXT_ENABLED","ext":"301"}
2018-09-06 08:12:15	::1	{"action":"CHECK_CARD","pin":"NaN","realpin":"undefined"}
2018-09-06 08:12:15	::1	**ERROR:Tessera non presente in Db
2018-09-06 08:13:22	::1	{"action":"EXT_ENABLED","ext":"301"}
2018-09-06 08:13:26	::1	{"action":"CHECK_CARD","pin":"NaN","realpin":"undefined"}
2018-09-06 08:13:26	::1	**ERROR:Tessera non presente in Db
2018-09-06 08:19:06	::1	{"action":"EXT_ENABLED","ext":"301"}
2018-09-06 08:19:11	::1	{"action":"CHECK_CARD","pin":"NaN","realpin":"undefined"}
2018-09-06 08:19:11	::1	**ERROR:Tessera non presente in Db
2018-09-06 09:01:56	::1	{"action":"EXT_ENABLED","ext":"302"}
2018-09-06 09:01:59	::1	{"action":"CHECK_CARD","pin":"NaN","realpin":"undefined"}
2018-09-06 09:01:59	::1	**ERROR:Tessera non presente in Db
2018-09-06 09:05:18	::1	{"action":"EXT_ENABLED","ext":"302"}
2018-09-06 09:05:30	::1	{"action":"CHECK_CARD","pin":"NaN","realpin":"undefined"}
2018-09-06 09:05:30	::1	**ERROR:Tessera non presente in Db
2018-09-06 09:05:51	192.168.9.177	{"action":"GET_CONST","constName":"durations"}
2018-09-06 09:06:06	::1	{"action":"EXT_ENABLED","ext":"306"}
2018-09-06 09:06:09	::1	{"action":"CHECK_CARD","pin":"NaN","realpin":"undefined"}
2018-09-06 09:06:09	::1	**ERROR:Tessera non presente in Db
2018-09-06 09:06:13	::1	{"action":"EXT_ENABLED","ext":"310"}
2018-09-06 09:06:19	::1	{"action":"EXT_ENABLED","ext":"314"}
2018-09-06 09:06:22	::1	{"action":"CHECK_CARD","pin":"NaN","realpin":"undefined"}
2018-09-06 09:06:22	::1	**ERROR:Tessera non presente in Db
2018-09-06 09:06:25	::1	{"action":"EXT_ENABLED","ext":"318"}
2018-09-06 09:06:28	::1	{"action":"CHECK_CARD","pin":"NaN","realpin":"undefined"}
2018-09-06 09:06:28	::1	**ERROR:Tessera non presente in Db
2018-09-06 09:06:33	::1	{"action":"EXT_ENABLED","ext":"322"}
2018-09-06 09:06:36	::1	{"action":"CHECK_CARD","pin":"NaN","realpin":"undefined"}
2018-09-06 09:06:36	::1	**ERROR:Tessera non presente in Db
2018-09-06 09:06:48	::1	{"action":"EXT_ENABLED","ext":"323"}
2018-09-06 09:06:55	::1	{"action":"EXT_ENABLED","ext":"319"}
2018-09-06 09:07:01	::1	{"action":"EXT_ENABLED","ext":"315"}
2018-09-06 09:07:03	::1	{"action":"CHECK_CARD","pin":"NaN","realpin":"undefined"}
2018-09-06 09:07:03	::1	**ERROR:Tessera non presente in Db
2018-09-06 09:07:07	::1	{"action":"EXT_ENABLED","ext":"311"}
2018-09-06 09:07:10	::1	{"action":"CHECK_CARD","pin":"NaN","realpin":"undefined"}
2018-09-06 09:07:10	::1	**ERROR:Tessera non presente in Db
2018-09-06 09:07:30	::1	{"action":"EXT_ENABLED","ext":"307"}
2018-09-06 09:07:33	::1	{"action":"CHECK_CARD","pin":"NaN","realpin":"undefined"}
2018-09-06 09:07:33	::1	**ERROR:Tessera non presente in Db
2018-09-06 09:07:36	::1	{"action":"EXT_ENABLED","ext":"303"}
2018-09-06 09:07:39	::1	{"action":"CHECK_CARD","pin":"NaN","realpin":"undefined"}
2018-09-06 09:07:39	::1	**ERROR:Tessera non presente in Db
2018-09-06 09:07:54	::1	{"action":"EXT_ENABLED","ext":"304"}
2018-09-06 09:08:06	::1	{"action":"EXT_ENABLED","ext":"308"}
2018-09-06 09:08:12	::1	{"action":"EXT_ENABLED","ext":"312"}
2018-09-06 09:08:18	::1	{"action":"EXT_ENABLED","ext":"316"}
2018-09-06 09:08:21	::1	{"action":"CHECK_CARD","pin":"NaN","realpin":"undefined"}
2018-09-06 09:08:21	::1	**ERROR:Tessera non presente in Db
2018-09-06 09:08:24	::1	{"action":"EXT_ENABLED","ext":"320"}
2018-09-06 09:08:27	::1	{"action":"CHECK_CARD","pin":"NaN","realpin":"undefined"}
2018-09-06 09:08:27	::1	**ERROR:Tessera non presente in Db
2018-09-06 09:08:30	::1	{"action":"EXT_ENABLED","ext":"324"}
2018-09-06 09:08:33	::1	{"action":"CHECK_CARD","pin":"NaN","realpin":"undefined"}
2018-09-06 09:08:33	::1	**ERROR:Tessera non presente in Db
2018-09-06 09:09:03	::1	{"action":"EXT_ENABLED","ext":"324"}
2018-09-06 09:09:17	::1	{"action":"CHECK_CARD","pin":"32bcd779","realpin":"undefined"}
2018-09-06 09:09:20	::1	{"action":"SAY_BAL_IT","amt":"33.9"}
2018-09-06 09:09:38	::1	{"action":"CALL_REQUEST","uuid":"3b1b5986-9641-4210-b4ee-c68082b621d7","ext":"324","cardId":"15","dettId":"15","dialedNum":"0690289704"}
2018-09-06 09:09:38	::1	{"uuid":"3b1b5986-9641-4210-b4ee-c68082b621d7","ext":"324","cardId":"15","dettId":"15","dialedNum":"0690289704"}
2018-09-06 09:09:38	::1	**ERROR:Reached limit to calls to this number
2018-09-06 09:09:55	192.168.9.177	{"action":"GET_DETT_CREDIT","dettId":"15"}
2018-09-06 09:10:12	192.168.9.177	{"action":"GET_CONST","constName":"durations"}
2018-09-06 09:10:21	192.168.9.177	{"action":"DUP_NUM_OK","dettId":"15","wlId":"181","num":"0690289704","tip":"A"}
2018-09-06 09:10:26	::1	{"action":"EXT_ENABLED","ext":"324"}
2018-09-06 09:10:40	::1	{"action":"CHECK_CARD","pin":"32bcd779","realpin":"undefined"}
2018-09-06 09:10:44	::1	{"action":"SAY_BAL_IT","amt":"33.9"}
2018-09-06 09:11:00	::1	{"action":"CALL_REQUEST","uuid":"4f180de5-7b55-49e7-8fb8-9aa5faebcf87","ext":"324","cardId":"15","dettId":"15","dialedNum":"0690289704"}
2018-09-06 09:11:00	::1	{"uuid":"4f180de5-7b55-49e7-8fb8-9aa5faebcf87","ext":"324","cardId":"15","dettId":"15","dialedNum":"0690289704"}
2018-09-06 09:11:00	::1	{"uuid":"4f180de5-7b55-49e7-8fb8-9aa5faebcf87","ext":"324","cardId":"15","dettId":"15","dialedNum":"0690289704","sessDTTM":"2018-09-06 11:11:00","wlId":"181","callTip":"A","descr":"Casa","callsQta":"1","callsFreq":"D","expire":"3000-12-31","duration":"86400","record":"1","globQta":"1","globFreq":"D","minCharge":"0.01","pfxId":"1","tznId":"11","secsGrace":0,"rateType":"N","rate":0.0189,"drpCharge":0,"creditInit":33.9,"secsAvail":107619,"trunkId":"3","trunkType":"D","trunkStr":"sofia\/gateway\/noitel\/","secsMax":107619}
2018-09-06 09:11:31	::1	{"action":"CALL_END","callId":"182","totSecs":"26","talkSecs":"26","dialDTTM":"2018-09-06 11:11.01","ansDTTM":"2018-09-06 11:11.05","endDTTM":"2018-09-06 11:11.31","cause":"NORMAL_CLEARING"}
2018-09-06 09:12:05	::1	{"action":"EXT_ENABLED","ext":"302"}
2018-09-06 09:12:23	192.168.9.177	{"action":"GET_DETT_CREDIT","dettId":"13"}
2018-09-06 09:12:37	192.168.9.113	{"action":"LOGIN","uid":"","pwd":""}
2018-09-06 09:12:37	192.168.9.113	**Manca Login
2018-09-06 09:12:37	192.168.9.113	**ERROR:Manca Login
2018-09-06 09:12:44	192.168.9.113	{"action":"LOGIN","uid":"admin","pwd":"Passw0rd!"}
2018-09-06 09:12:59	192.168.9.113	{"action":"GET_DETT_CREDIT","dettId":"13"}
2018-09-06 09:13:22	192.168.9.113	{"action":"GET_CONST","constName":"durations"}
2018-09-06 09:14:40	192.168.9.113	{"action":"DUP_NUM_OK","dettId":"13","wlId":"158","num":"3480623535","tip":"N"}
2018-09-06 09:15:06	::1	{"action":"EXT_ENABLED","ext":"302"}
2018-09-06 09:15:20	::1	{"action":"CHECK_CARD","pin":"32bc31bd","realpin":"undefined"}
2018-09-06 09:15:24	::1	{"action":"SAY_BAL_IT","amt":"6.11"}
2018-09-06 09:15:38	::1	{"action":"CALL_REQUEST","uuid":"90f626e4-32a5-4353-81f1-5ca4ac6d06ef","ext":"302","cardId":"13","dettId":"13","dialedNum":"3480623535"}
2018-09-06 09:15:38	::1	{"uuid":"90f626e4-32a5-4353-81f1-5ca4ac6d06ef","ext":"302","cardId":"13","dettId":"13","dialedNum":"3480623535"}
2018-09-06 09:15:38	::1	SELECT 
						SUM(c.talkSecs) talkedSecs
					,	COUNT(*) attempts
					,	MAX(IF(IFNULL(c.retryCallId,0)=0,c.callId,0)) recId
					FROM callrec c
					WHERE c.dettId = 13
					AND sessDTTM >= '2018-09-06 11:05.38'
					AND c.callTip = 'N'
					AND c.dialedNum = '3480623535'
					AND status=0
					GROUP BY c.dettId 
					HAVING MIN(IFNULL(c.retryCallId,0)) = 0
2018-09-06 09:15:38	::1	No possibility to recover
2018-09-06 09:15:38	::1	{"uuid":"90f626e4-32a5-4353-81f1-5ca4ac6d06ef","ext":"302","cardId":"13","dettId":"13","dialedNum":"3480623535","sessDTTM":"2018-09-06 11:15:38","wlId":"158","callTip":"N","descr":"Ufficio","callsQta":"1","callsFreq":"D","expire":"3000-12-31","duration":"5","record":"1","globQta":"10","globFreq":"D","minCharge":"0.05","pfxId":"120","tznId":"2","secsGrace":0,"rateType":"N","rate":0.0944,"drpCharge":0,"creditInit":6.11,"secsAvail":3883,"trunkId":"3","trunkType":"D","trunkStr":"sofia\/gateway\/noitel\/","secsMax":300}
2018-09-06 09:17:22	::1	{"action":"CALL_END","callId":"183","totSecs":"92","talkSecs":"92","dialDTTM":"2018-09-06 11:15.44","ansDTTM":"2018-09-06 11:15.50","endDTTM":"2018-09-06 11:17.22","cause":"NORMAL_CLEARING"}
2018-09-06 09:17:35	::1	{"action":"EXT_ENABLED","ext":"302"}
2018-09-06 09:17:44	::1	{"action":"CHECK_CARD","pin":"NaN","realpin":"undefined"}
2018-09-06 09:17:44	::1	**ERROR:Tessera non presente in Db
2018-09-06 09:17:50	::1	{"action":"EXT_ENABLED","ext":"324"}
2018-09-06 09:18:04	::1	{"action":"CHECK_CARD","pin":"32bcd779","realpin":"undefined"}
2018-09-06 09:18:07	::1	{"action":"SAY_BAL_IT","amt":"33.89"}
2018-09-06 09:18:23	::1	{"action":"CALL_REQUEST","uuid":"2ce8a85f-1981-4144-a58b-db09f20f3d4c","ext":"324","cardId":"15","dettId":"15","dialedNum":"0690289704"}
2018-09-06 09:18:23	::1	{"uuid":"2ce8a85f-1981-4144-a58b-db09f20f3d4c","ext":"324","cardId":"15","dettId":"15","dialedNum":"0690289704"}
2018-09-06 09:18:23	::1	**ERROR:Reached limit to calls to this number
2018-09-06 09:18:47	192.168.9.177	{"action":"GET_DETT_CREDIT","dettId":"15"}
2018-09-06 09:18:51	192.168.9.113	{"action":"GET_DETT_CREDIT","dettId":"13"}
2018-09-06 09:18:59	192.168.9.177	{"action":"GET_CONST","constName":"durations"}
2018-09-06 09:19:03	192.168.9.177	{"action":"DUP_NUM_OK","dettId":"15","wlId":"181","num":"0690289704","tip":"A"}
2018-09-06 09:19:05	::1	{"action":"EXT_ENABLED","ext":"324"}
2018-09-06 09:19:19	::1	{"action":"CHECK_CARD","pin":"32bcd779","realpin":"undefined"}
2018-09-06 09:19:22	::1	{"action":"SAY_BAL_IT","amt":"33.89"}
2018-09-06 09:19:38	::1	{"action":"CALL_REQUEST","uuid":"8e2ceaf6-cc33-4f85-b13d-5ea238850cad","ext":"324","cardId":"15","dettId":"15","dialedNum":"0690289704"}
2018-09-06 09:19:38	::1	{"uuid":"8e2ceaf6-cc33-4f85-b13d-5ea238850cad","ext":"324","cardId":"15","dettId":"15","dialedNum":"0690289704"}
2018-09-06 09:19:38	::1	SELECT 
						SUM(c.talkSecs) talkedSecs
					,	COUNT(*) attempts
					,	MAX(IF(IFNULL(c.retryCallId,0)=0,c.callId,0)) recId
					FROM callrec c
					WHERE c.dettId = 15
					AND sessDTTM >= '2018-09-06 10:49.38'
					AND c.callTip = 'A'
					AND c.dialedNum = '0690289704'
					AND status=0
					GROUP BY c.dettId 
					HAVING MIN(IFNULL(c.retryCallId,0)) = 0
2018-09-06 09:19:38	::1	Array
(
    [0] => Array
        (
            [talkedSecs] => 26
            [attempts] => 1
            [recId] => 182
        )

)

2018-09-06 09:19:38	::1	{"uuid":"8e2ceaf6-cc33-4f85-b13d-5ea238850cad","ext":"324","cardId":"15","dettId":"15","dialedNum":"0690289704","sessDTTM":"2018-09-06 11:19:38","wlId":"181","callTip":"A","descr":"Casa","callsQta":"1","callsFreq":"D","expire":"3000-12-31","duration":"86400","record":"1","globQta":"1","globFreq":"D","retryCallId":"182","minCharge":"0.01","pfxId":"1","tznId":"11","secsGrace":0,"rateType":"N","rate":0.0189,"drpCharge":0,"creditInit":33.89,"secsAvail":107587,"trunkId":"3","trunkType":"D","trunkStr":"sofia\/gateway\/noitel\/","secsMax":107587}
2018-09-06 09:19:39	192.168.9.113	{"action":"GET_CONST","constName":"durations"}
2018-09-06 09:19:45	192.168.9.113	{"action":"DUP_NUM_OK","dettId":"13","wlId":"158","num":"3480623535","tip":"N"}
2018-09-06 09:20:00	::1	{"action":"EXT_ENABLED","ext":"302"}
2018-09-06 09:20:14	::1	{"action":"CHECK_CARD","pin":"32bc31bd","realpin":"undefined"}
2018-09-06 09:20:17	::1	{"action":"SAY_BAL_IT","amt":"5.97"}
2018-09-06 09:20:32	::1	{"action":"CALL_REQUEST","uuid":"0112b142-07cf-4009-8e2e-aab5707d7782","ext":"302","cardId":"13","dettId":"13","dialedNum":"3480623535"}
2018-09-06 09:20:32	::1	{"uuid":"0112b142-07cf-4009-8e2e-aab5707d7782","ext":"302","cardId":"13","dettId":"13","dialedNum":"3480623535"}
2018-09-06 09:20:32	::1	SELECT 
						SUM(c.talkSecs) talkedSecs
					,	COUNT(*) attempts
					,	MAX(IF(IFNULL(c.retryCallId,0)=0,c.callId,0)) recId
					FROM callrec c
					WHERE c.dettId = 13
					AND sessDTTM >= '2018-09-06 11:10.32'
					AND c.callTip = 'N'
					AND c.dialedNum = '3480623535'
					AND status=0
					GROUP BY c.dettId 
					HAVING MIN(IFNULL(c.retryCallId,0)) = 0
2018-09-06 09:20:32	::1	Array
(
    [0] => Array
        (
            [talkedSecs] => 92
            [attempts] => 1
            [recId] => 183
        )

)

2018-09-06 09:20:32	::1	{"uuid":"0112b142-07cf-4009-8e2e-aab5707d7782","ext":"302","cardId":"13","dettId":"13","dialedNum":"3480623535","sessDTTM":"2018-09-06 11:20:32","wlId":"158","callTip":"N","descr":"Ufficio","callsQta":"1","callsFreq":"D","expire":"3000-12-31","duration":"5","record":"1","globQta":"10","globFreq":"D","retryCallId":"183","minCharge":"0.05","pfxId":"120","tznId":"2","secsGrace":0,"rateType":"N","rate":0.0944,"drpCharge":0,"creditInit":5.97,"secsAvail":3794,"trunkId":"3","trunkType":"D","trunkStr":"sofia\/gateway\/noitel\/","secsMax":208}
2018-09-06 09:20:53	::1	{"action":"CALL_END","callId":"185","totSecs":"69","talkSecs":"69","dialDTTM":"2018-09-06 11:19.41","ansDTTM":"2018-09-06 11:19.44","endDTTM":"2018-09-06 11:20.53","cause":"NORMAL_CLEARING"}
2018-09-06 09:21:10	::1	{"action":"CALL_END","callId":"186","totSecs":"30","talkSecs":"30","dialDTTM":"2018-09-06 11:20.37","ansDTTM":"2018-09-06 11:20.40","endDTTM":"2018-09-06 11:21.10","cause":"NORMAL_CLEARING"}
2018-09-06 09:21:44	192.168.9.113	{"action":"GET_CONST","constName":"durations"}
2018-09-06 09:21:52	192.168.9.113	{"action":"DUP_NUM_OK","dettId":"13","wlId":"158","num":"3480623535","tip":"N"}
2018-09-06 09:25:53	::1	{"action":"EXT_ENABLED","ext":"302"}
2018-09-06 09:26:08	::1	{"action":"CHECK_CARD","pin":"32bc31bd","realpin":"undefined"}
2018-09-06 09:26:10	::1	{"action":"SAY_BAL_IT","amt":"5.92"}
2018-09-06 09:26:25	::1	{"action":"CALL_REQUEST","uuid":"dbccedba-45ce-4ad9-8cb5-06decf89e19d","ext":"302","cardId":"13","dettId":"13","dialedNum":"3480623535"}
2018-09-06 09:26:25	::1	{"uuid":"dbccedba-45ce-4ad9-8cb5-06decf89e19d","ext":"302","cardId":"13","dettId":"13","dialedNum":"3480623535"}
2018-09-06 09:26:25	::1	SELECT 
						SUM(c.talkSecs) talkedSecs
					,	COUNT(*) attempts
					,	MAX(IF(IFNULL(c.retryCallId,0)=0,c.callId,0)) recId
					FROM callrec c
					WHERE c.dettId = 13
					AND sessDTTM >= '2018-09-06 11:16.25'
					AND c.callTip = 'N'
					AND c.dialedNum = '3480623535'
					AND status=0
					GROUP BY c.dettId 
					HAVING MIN(IFNULL(c.retryCallId,0)) = 0
2018-09-06 09:26:25	::1	No possibility to recover
2018-09-06 09:26:25	::1	**ERROR:Reached limit to calls to this number
2018-09-06 09:27:38	192.168.9.113	{"action":"GET_CONST","constName":"durations"}
2018-09-06 09:37:02	192.168.9.113	{"action":"GET_CONST","constName":"durations"}
2018-09-06 09:37:18	192.168.9.113	{"action":"DUP_NUM_OK","dettId":"13","wlId":"159","num":"0688812116","tip":"A"}
2018-09-06 09:37:46	::1	{"action":"EXT_ENABLED","ext":"302"}
2018-09-06 09:38:00	::1	{"action":"CHECK_CARD","pin":"32bc31bd","realpin":"undefined"}
2018-09-06 09:38:04	::1	{"action":"SAY_BAL_IT","amt":"5.92"}
2018-09-06 09:38:19	::1	{"action":"CALL_REQUEST","uuid":"c4d08aa1-632b-40d3-831d-4aae7ab80a0a","ext":"302","cardId":"13","dettId":"13","dialedNum":"0688812116"}
2018-09-06 09:38:19	::1	{"uuid":"c4d08aa1-632b-40d3-831d-4aae7ab80a0a","ext":"302","cardId":"13","dettId":"13","dialedNum":"0688812116"}
2018-09-06 09:38:19	::1	SELECT 
						SUM(c.talkSecs) talkedSecs
					,	COUNT(*) attempts
					,	MAX(IF(IFNULL(c.retryCallId,0)=0,c.callId,0)) recId
					FROM callrec c
					WHERE c.dettId = 13
					AND sessDTTM >= '2018-09-06 11:28.19'
					AND c.callTip = 'A'
					AND c.dialedNum = '0688812116'
					AND status=0
					GROUP BY c.dettId 
					HAVING MIN(IFNULL(c.retryCallId,0)) = 0
2018-09-06 09:38:19	::1	No possibility to recover
2018-09-06 09:38:19	::1	{"uuid":"c4d08aa1-632b-40d3-831d-4aae7ab80a0a","ext":"302","cardId":"13","dettId":"13","dialedNum":"0688812116","sessDTTM":"2018-09-06 11:38:19","wlId":"159","callTip":"A","descr":"Avocato","callsQta":"1","callsFreq":"D","expire":"3000-12-31","duration":"5","record":"1","globQta":"10","globFreq":"D","minCharge":"0.01","pfxId":"1","tznId":"11","secsGrace":0,"rateType":"N","rate":0.0189,"drpCharge":0,"creditInit":5.92,"secsAvail":18794,"trunkId":"3","trunkType":"D","trunkStr":"sofia\/gateway\/noitel\/","secsMax":300}
2018-09-06 09:38:40	::1	{"action":"CALL_END","callId":"188","totSecs":"8","talkSecs":"8","dialDTTM":"2018-09-06 11:38.26","ansDTTM":"2018-09-06 11:38.32","endDTTM":"2018-09-06 11:38.40","cause":"NORMAL_CLEARING"}
2018-09-06 09:50:31	::1	{"action":"EXT_ENABLED","ext":"302"}
2018-09-06 09:50:45	::1	{"action":"CHECK_CARD","pin":"32bc31bd","realpin":"undefined"}
2018-09-06 09:50:48	::1	{"action":"SAY_BAL_IT","amt":"5.91"}
2018-09-06 09:51:02	::1	{"action":"CALL_REQUEST","uuid":"b9e14ffc-c303-4aa7-89e4-3a4664367cc3","ext":"302","cardId":"13","dettId":"13","dialedNum":"0688812116"}
2018-09-06 09:51:02	::1	{"uuid":"b9e14ffc-c303-4aa7-89e4-3a4664367cc3","ext":"302","cardId":"13","dettId":"13","dialedNum":"0688812116"}
2018-09-06 09:51:02	::1	SELECT 
						SUM(c.talkSecs) talkedSecs
					,	COUNT(*) attempts
					,	MAX(IF(IFNULL(c.retryCallId,0)=0,c.callId,0)) recId
					FROM callrec c
					WHERE c.dettId = 13
					AND sessDTTM >= '2018-09-06 11:41.02'
					AND c.callTip = 'A'
					AND c.dialedNum = '0688812116'
					AND status=0
					GROUP BY c.dettId 
					HAVING MIN(IFNULL(c.retryCallId,0)) = 0
2018-09-06 09:51:02	::1	No possibility to recover
2018-09-06 09:51:03	::1	**ERROR:Reached limit to calls to this number
2018-09-06 09:55:24	192.168.9.177	{"action":"LOGIN","uid":"admin","pwd":"Passw0rd!"}
2018-09-06 09:55:31	192.168.9.177	{"action":"GET_DETT_CREDIT","dettId":"15"}
2018-09-06 09:55:50	192.168.9.177	{"action":"GET_CONST","constName":"durations"}
2018-09-06 09:55:53	192.168.9.177	{"action":"GET_CONST","constName":"durations"}
2018-09-06 10:04:06	192.168.9.177	{"action":"GET_CONST","constName":"durations"}
2018-09-06 10:06:30	192.168.9.177	{"action":"GET_DETT_CREDIT","dettId":"15"}
2018-09-06 10:06:53	192.168.9.177	{"action":"GET_CONST","constName":"durations"}
2018-09-06 10:07:21	192.168.9.177	{"action":"DUP_NUM_OK","dettId":"15","wlId":"0","num":"3932188108","tip":"N"}
2018-09-06 10:07:32	::1	{"action":"EXT_ENABLED","ext":"324"}
2018-09-06 10:07:46	::1	{"action":"CHECK_CARD","pin":"32bcd779","realpin":"undefined"}
2018-09-06 10:07:49	::1	{"action":"SAY_BAL_IT","amt":"33.87"}
2018-09-06 10:07:58	::1	{"action":"CALL_REQUEST","uuid":"819ed93c-f17b-464e-945a-aa64d05810fd","ext":"324","cardId":"15","dettId":"15","dialedNum":""}
2018-09-06 10:07:58	::1	**dialedNum missing
2018-09-06 10:07:58	::1	**ERROR:dialedNum missing
2018-09-06 10:08:01	192.168.9.177	{"action":"GET_CONST","constName":"durations"}
2018-09-06 10:08:08	192.168.9.177	{"action":"DUP_NUM_OK","dettId":"15","wlId":"202","num":"3932188108","tip":"N"}
2018-09-06 10:08:19	::1	{"action":"EXT_ENABLED","ext":"324"}
2018-09-06 10:08:33	::1	{"action":"CHECK_CARD","pin":"32bcd779","realpin":"undefined"}
2018-09-06 10:08:36	::1	{"action":"SAY_BAL_IT","amt":"33.87"}
2018-09-06 10:08:52	::1	{"action":"CALL_REQUEST","uuid":"7c7226c3-3c5f-4ec1-b9e4-a33c96bb81f6","ext":"324","cardId":"15","dettId":"15","dialedNum":"3932188108"}
2018-09-06 10:08:52	::1	{"uuid":"7c7226c3-3c5f-4ec1-b9e4-a33c96bb81f6","ext":"324","cardId":"15","dettId":"15","dialedNum":"3932188108"}
2018-09-06 10:08:52	::1	SELECT 
						SUM(c.talkSecs) talkedSecs
					,	COUNT(*) attempts
					,	MAX(IF(IFNULL(c.retryCallId,0)=0,c.callId,0)) recId
					FROM callrec c
					WHERE c.dettId = 15
					AND sessDTTM >= '2018-09-06 11:58.52'
					AND c.callTip = 'N'
					AND c.dialedNum = '3932188108'
					AND status=0
					GROUP BY c.dettId 
					HAVING MIN(IFNULL(c.retryCallId,0)) = 0
2018-09-06 10:08:52	::1	No possibility to recover
2018-09-06 10:08:52	::1	{"uuid":"7c7226c3-3c5f-4ec1-b9e4-a33c96bb81f6","ext":"324","cardId":"15","dettId":"15","dialedNum":"3932188108","sessDTTM":"2018-09-06 12:08:52","wlId":"202","callTip":"N","descr":"Cell Adriano","callsQta":"2","callsFreq":"D","expire":"3000-12-31","duration":"5","record":"1","globQta":"10","globFreq":"D","minCharge":"0.05","pfxId":"120","tznId":"2","secsGrace":0,"rateType":"N","rate":0.0944,"drpCharge":0,"creditInit":33.87,"secsAvail":21528,"trunkId":"3","trunkType":"D","trunkStr":"sofia\/gateway\/noitel\/","secsMax":300}
2018-09-06 10:10:10	::1	{"action":"CALL_END","callId":"190","totSecs":"61","talkSecs":"61","dialDTTM":"2018-09-06 12:09.03","ansDTTM":"2018-09-06 12:09.09","endDTTM":"2018-09-06 12:10.10","cause":"NORMAL_CLEARING"}
2018-09-06 10:10:55	::1	{"action":"EXT_ENABLED","ext":"324"}
2018-09-06 10:11:31	192.168.9.113	{"action":"GET_CONST","constName":"durations"}
2018-09-06 10:11:46	192.168.9.113	{"action":"DUP_NUM_OK","dettId":"13","wlId":"159","num":"0688812116","tip":"A"}
2018-09-06 10:11:57	::1	{"action":"EXT_ENABLED","ext":"302"}
2018-09-06 10:12:11	::1	{"action":"CHECK_CARD","pin":"32bc31bd","realpin":"undefined"}
2018-09-06 10:12:15	::1	{"action":"SAY_BAL_IT","amt":"5.91"}
2018-09-06 10:12:22	::1	{"action":"EXT_ENABLED","ext":"324"}
2018-09-06 10:12:31	::1	{"action":"CALL_REQUEST","uuid":"525a32ac-1182-4db2-a150-2b8a569566f2","ext":"302","cardId":"13","dettId":"13","dialedNum":"0688812116"}
2018-09-06 10:12:31	::1	{"uuid":"525a32ac-1182-4db2-a150-2b8a569566f2","ext":"302","cardId":"13","dettId":"13","dialedNum":"0688812116"}
2018-09-06 10:12:31	::1	SELECT 
						SUM(c.talkSecs) talkedSecs
					,	COUNT(*) attempts
					,	MAX(IF(IFNULL(c.retryCallId,0)=0,c.callId,0)) recId
					FROM callrec c
					WHERE c.dettId = 13
					AND sessDTTM >= '2018-09-06 12:02.31'
					AND c.callTip = 'A'
					AND c.dialedNum = '0688812116'
					AND status=0
					GROUP BY c.dettId 
					HAVING MIN(IFNULL(c.retryCallId,0)) = 0
2018-09-06 10:12:31	::1	No possibility to recover
2018-09-06 10:12:31	::1	**ERROR:Reached limit to calls to this number
2018-09-06 10:12:36	::1	{"action":"CHECK_CARD","pin":"32bcd779","realpin":"undefined"}
2018-09-06 10:12:38	::1	{"action":"SAY_BAL_IT","amt":"33.77"}
2018-09-06 10:12:56	::1	{"action":"CALL_REQUEST","uuid":"f3d9ab54-76f2-4446-81c2-331b98dc1cf7","ext":"324","cardId":"15","dettId":"15","dialedNum":"3932188108"}
2018-09-06 10:12:56	::1	{"uuid":"f3d9ab54-76f2-4446-81c2-331b98dc1cf7","ext":"324","cardId":"15","dettId":"15","dialedNum":"3932188108"}
2018-09-06 10:12:56	::1	SELECT 
						SUM(c.talkSecs) talkedSecs
					,	COUNT(*) attempts
					,	MAX(IF(IFNULL(c.retryCallId,0)=0,c.callId,0)) recId
					FROM callrec c
					WHERE c.dettId = 15
					AND sessDTTM >= '2018-09-06 12:02.56'
					AND c.callTip = 'N'
					AND c.dialedNum = '3932188108'
					AND status=0
					GROUP BY c.dettId 
					HAVING MIN(IFNULL(c.retryCallId,0)) = 0
2018-09-06 10:12:56	::1	Array
(
    [0] => Array
        (
            [talkedSecs] => 61
            [attempts] => 1
            [recId] => 190
        )

)

2018-09-06 10:12:56	::1	{"uuid":"f3d9ab54-76f2-4446-81c2-331b98dc1cf7","ext":"324","cardId":"15","dettId":"15","dialedNum":"3932188108","sessDTTM":"2018-09-06 12:12:56","wlId":"202","callTip":"N","descr":"Cell Adriano","callsQta":"2","callsFreq":"D","expire":"3000-12-31","duration":"5","record":"1","globQta":"10","globFreq":"D","retryCallId":"190","minCharge":"0.05","pfxId":"120","tznId":"2","secsGrace":0,"rateType":"N","rate":0.0944,"drpCharge":0,"creditInit":33.77,"secsAvail":21464,"trunkId":"3","trunkType":"D","trunkStr":"sofia\/gateway\/noitel\/","secsMax":239}
2018-09-06 10:13:18	::1	{"action":"CALL_END","callId":"192","totSecs":"7","talkSecs":"7","dialDTTM":"2018-09-06 12:13.07","ansDTTM":"2018-09-06 12:13.11","endDTTM":"2018-09-06 12:13.18","cause":"NORMAL_CLEARING"}
2018-09-06 10:13:25	192.168.9.113	{"action":"GET_CONST","constName":"durations"}
2018-09-06 10:13:30	192.168.9.113	{"action":"DUP_NUM_OK","dettId":"13","wlId":"159","num":"0688812116","tip":"A"}
2018-09-06 10:13:37	::1	{"action":"EXT_ENABLED","ext":"302"}
2018-09-06 10:13:45	192.168.9.177	{"action":"GET_CONST","constName":"durations"}
2018-09-06 10:13:51	::1	{"action":"CHECK_CARD","pin":"32bc31bd","realpin":"undefined"}
2018-09-06 10:13:54	::1	{"action":"SAY_BAL_IT","amt":"5.91"}
2018-09-06 10:14:08	::1	{"action":"CALL_REQUEST","uuid":"ac17ab68-cfb5-4e06-9de5-b6829a35a5f1","ext":"302","cardId":"13","dettId":"13","dialedNum":"0688812116"}
2018-09-06 10:14:08	::1	{"uuid":"ac17ab68-cfb5-4e06-9de5-b6829a35a5f1","ext":"302","cardId":"13","dettId":"13","dialedNum":"0688812116"}
2018-09-06 10:14:08	::1	SELECT 
						SUM(c.talkSecs) talkedSecs
					,	COUNT(*) attempts
					,	MAX(IF(IFNULL(c.retryCallId,0)=0,c.callId,0)) recId
					FROM callrec c
					WHERE c.dettId = 13
					AND sessDTTM >= '2018-09-06 12:04.08'
					AND c.callTip = 'A'
					AND c.dialedNum = '0688812116'
					AND status=0
					GROUP BY c.dettId 
					HAVING MIN(IFNULL(c.retryCallId,0)) = 0
2018-09-06 10:14:08	::1	No possibility to recover
2018-09-06 10:14:08	::1	{"uuid":"ac17ab68-cfb5-4e06-9de5-b6829a35a5f1","ext":"302","cardId":"13","dettId":"13","dialedNum":"0688812116","sessDTTM":"2018-09-06 12:14:08","wlId":"159","callTip":"A","descr":"Avocato","callsQta":"2","callsFreq":"D","expire":"3000-12-31","duration":"5","record":"0","globQta":"10","globFreq":"D","minCharge":"0.01","pfxId":"1","tznId":"11","secsGrace":0,"rateType":"N","rate":0.0189,"drpCharge":0,"creditInit":5.91,"secsAvail":18762,"trunkId":"3","trunkType":"D","trunkStr":"sofia\/gateway\/noitel\/","secsMax":300}
2018-09-06 10:14:16	::1	{"action":"CALL_END","callId":"193","totSecs":"0","talkSecs":"0","dialDTTM":"2018-09-06 12:14.16","ansDTTM":"","endDTTM":"2018-09-06 12:14.16","cause":"NORMAL_TEMPORARY_FAILURE"}
2018-09-06 10:15:02	::1	{"action":"EXT_ENABLED","ext":"302"}
2018-09-06 10:15:16	::1	{"action":"CHECK_CARD","pin":"32bc31bd","realpin":"undefined"}
2018-09-06 10:15:19	::1	{"action":"SAY_BAL_IT","amt":"5.91"}
2018-09-06 10:15:36	::1	{"action":"CALL_REQUEST","uuid":"114c30fe-46b1-4a27-99e4-3d6cb71f5d93","ext":"302","cardId":"13","dettId":"13","dialedNum":"0688812116"}
2018-09-06 10:15:36	::1	{"uuid":"114c30fe-46b1-4a27-99e4-3d6cb71f5d93","ext":"302","cardId":"13","dettId":"13","dialedNum":"0688812116"}
2018-09-06 10:15:36	::1	SELECT 
						SUM(c.talkSecs) talkedSecs
					,	COUNT(*) attempts
					,	MAX(IF(IFNULL(c.retryCallId,0)=0,c.callId,0)) recId
					FROM callrec c
					WHERE c.dettId = 13
					AND sessDTTM >= '2018-09-06 12:05.36'
					AND c.callTip = 'A'
					AND c.dialedNum = '0688812116'
					AND status=0
					GROUP BY c.dettId 
					HAVING MIN(IFNULL(c.retryCallId,0)) = 0
2018-09-06 10:15:36	::1	No possibility to recover
2018-09-06 10:15:36	::1	{"uuid":"114c30fe-46b1-4a27-99e4-3d6cb71f5d93","ext":"302","cardId":"13","dettId":"13","dialedNum":"0688812116","sessDTTM":"2018-09-06 12:15:36","wlId":"159","callTip":"A","descr":"Avocato","callsQta":"2","callsFreq":"D","expire":"3000-12-31","duration":"5","record":"0","globQta":"10","globFreq":"D","minCharge":"0.01","pfxId":"1","tznId":"11","secsGrace":0,"rateType":"N","rate":0.0189,"drpCharge":0,"creditInit":5.91,"secsAvail":18762,"trunkId":"3","trunkType":"D","trunkStr":"sofia\/gateway\/noitel\/","secsMax":300}
2018-09-06 10:16:56	::1	{"action":"CALL_END","callId":"194","totSecs":"62","talkSecs":"62","dialDTTM":"2018-09-06 12:15.43","ansDTTM":"2018-09-06 12:15.54","endDTTM":"2018-09-06 12:16.56","cause":"NORMAL_CLEARING"}
2018-09-06 10:18:16	::1	{"action":"EXT_ENABLED","ext":"324"}
2018-09-06 10:18:30	::1	{"action":"CHECK_CARD","pin":"32bcd779","realpin":"undefined"}
2018-09-06 10:18:33	::1	{"action":"SAY_BAL_IT","amt":"33.72"}
2018-09-06 10:18:49	::1	{"action":"CALL_REQUEST","uuid":"8e7b2ff1-0d2a-4e6b-a7ff-c9b9be6d0fce","ext":"324","cardId":"15","dettId":"15","dialedNum":"3932188108"}
2018-09-06 10:18:49	::1	{"uuid":"8e7b2ff1-0d2a-4e6b-a7ff-c9b9be6d0fce","ext":"324","cardId":"15","dettId":"15","dialedNum":"3932188108"}
2018-09-06 10:18:49	::1	SELECT 
						SUM(c.talkSecs) talkedSecs
					,	COUNT(*) attempts
					,	MAX(IF(IFNULL(c.retryCallId,0)=0,c.callId,0)) recId
					FROM callrec c
					WHERE c.dettId = 15
					AND sessDTTM >= '2018-09-06 12:08.49'
					AND c.callTip = 'N'
					AND c.dialedNum = '3932188108'
					AND status=0
					GROUP BY c.dettId 
					HAVING MIN(IFNULL(c.retryCallId,0)) = 0
2018-09-06 10:18:49	::1	Array
(
    [0] => Array
        (
            [talkedSecs] => 68
            [attempts] => 2
            [recId] => 190
        )

)

2018-09-06 10:18:49	::1	{"uuid":"8e7b2ff1-0d2a-4e6b-a7ff-c9b9be6d0fce","ext":"324","cardId":"15","dettId":"15","dialedNum":"3932188108","sessDTTM":"2018-09-06 12:18:49","wlId":"202","callTip":"N","descr":"Cell Adriano","callsQta":"2","callsFreq":"D","expire":"3000-12-31","duration":"5","record":"1","globQta":"10","globFreq":"D","retryCallId":"190","minCharge":"0.05","pfxId":"120","tznId":"2","secsGrace":0,"rateType":"N","rate":0.0944,"drpCharge":0,"creditInit":33.72,"secsAvail":21432,"trunkId":"3","trunkType":"D","trunkStr":"sofia\/gateway\/noitel\/","secsMax":232}
2018-09-06 10:22:54	::1	{"action":"CALL_END","callId":"195","totSecs":"232","talkSecs":"232","dialDTTM":"2018-09-06 12:18.59","ansDTTM":"2018-09-06 12:19.02","endDTTM":"2018-09-06 12:22.54","cause":"ALLOTTED_TIMEOUT"}
2018-09-06 10:26:41	::1	{"action":"EXT_ENABLED","ext":"302"}
2018-09-06 10:26:46	::1	{"action":"CHECK_CARD","pin":"0","realpin":"undefined"}
2018-09-06 10:26:47	::1	**ERROR:Tessera non presente in Db
2018-09-06 10:27:08	::1	{"action":"EXT_ENABLED","ext":"302"}
2018-09-06 10:27:22	::1	{"action":"CHECK_CARD","pin":"32bc31bd","realpin":"undefined"}
2018-09-06 10:27:25	::1	{"action":"SAY_BAL_IT","amt":"5.89"}
2018-09-06 10:27:40	::1	{"action":"CALL_REQUEST","uuid":"26e3fa1f-5c53-42a4-a0c8-a50791009f01","ext":"302","cardId":"13","dettId":"13","dialedNum":"0688812116"}
2018-09-06 10:27:40	::1	{"uuid":"26e3fa1f-5c53-42a4-a0c8-a50791009f01","ext":"302","cardId":"13","dettId":"13","dialedNum":"0688812116"}
2018-09-06 10:27:40	::1	SELECT 
						SUM(c.talkSecs) talkedSecs
					,	COUNT(*) attempts
					,	MAX(IF(IFNULL(c.retryCallId,0)=0,c.callId,0)) recId
					FROM callrec c
					WHERE c.dettId = 13
					AND sessDTTM >= '2018-09-06 12:17.40'
					AND c.callTip = 'A'
					AND c.dialedNum = '0688812116'
					AND status=0
					GROUP BY c.dettId 
					HAVING MIN(IFNULL(c.retryCallId,0)) = 0
2018-09-06 10:27:40	::1	No possibility to recover
2018-09-06 10:27:40	::1	**ERROR:Reached limit to calls to this number
2018-09-06 10:46:11	192.168.9.177	{"action":"SAVE_WIN_POS","userId":"1","data":"[{\"id\":\"dettWin\",\"l\":-2,\"t\":0,\"w\":791,\"h\":728},{\"id\":\"dettAccWin\",\"l\":796,\"t\":0,\"w\":600,\"h\":420}]"}
2018-09-06 10:46:30	192.168.9.177	{"action":"LOGIN","uid":"admin","pwd":"Passw0rd!"}
2018-09-06 10:46:38	192.168.9.177	{"action":"GET_DETT_CREDIT","dettId":"15"}
2018-09-06 10:47:08	::1	{"action":"EXT_ENABLED","ext":"301"}
2018-09-06 10:47:22	::1	{"action":"CHECK_CARD","pin":"32bcd779","realpin":"undefined"}
2018-09-06 10:47:25	::1	{"action":"SAY_BAL_IT","amt":"33.35"}
2018-09-06 10:47:42	::1	{"action":"CALL_REQUEST","uuid":"14b95b86-4486-41a5-9f76-76e40da9ad19","ext":"301","cardId":"15","dettId":"15","dialedNum":"3932188108"}
2018-09-06 10:47:42	::1	{"uuid":"14b95b86-4486-41a5-9f76-76e40da9ad19","ext":"301","cardId":"15","dettId":"15","dialedNum":"3932188108"}
2018-09-06 10:47:42	::1	SELECT 
						SUM(c.talkSecs) talkedSecs
					,	COUNT(*) attempts
					,	MAX(IF(IFNULL(c.retryCallId,0)=0,c.callId,0)) recId
					FROM callrec c
					WHERE c.dettId = 15
					AND sessDTTM >= '2018-09-06 12:37.42'
					AND c.callTip = 'N'
					AND c.dialedNum = '3932188108'
					AND status=0
					GROUP BY c.dettId 
					HAVING MIN(IFNULL(c.retryCallId,0)) = 0
2018-09-06 10:47:42	::1	No possibility to recover
2018-09-06 10:47:42	::1	{"uuid":"14b95b86-4486-41a5-9f76-76e40da9ad19","ext":"301","cardId":"15","dettId":"15","dialedNum":"3932188108","sessDTTM":"2018-09-06 12:47:42","wlId":"202","callTip":"N","descr":"Cell Adriano","callsQta":"2","callsFreq":"D","expire":"3000-12-31","duration":"5","record":"1","globQta":"10","globFreq":"D","minCharge":"0.05","pfxId":"120","tznId":"2","secsGrace":0,"rateType":"N","rate":0.0944,"drpCharge":0,"creditInit":33.35,"secsAvail":21197,"trunkId":"3","trunkType":"D","trunkStr":"sofia\/gateway\/noitel\/","secsMax":300}
2018-09-06 10:48:13	192.168.9.113	{"action":"LOGIN","uid":"franco","pwd":"franco"}
2018-09-06 10:48:44	192.168.9.113	{"action":"GET_DETT_CREDIT","dettId":"13"}
2018-09-06 10:49:09	192.168.9.113	{"action":"GET_CONST","constName":"durations"}
2018-09-06 10:49:14	::1	{"action":"CALL_END","callId":"197","totSecs":"79","talkSecs":"79","dialDTTM":"2018-09-06 12:47.50","ansDTTM":"2018-09-06 12:47.55","endDTTM":"2018-09-06 12:49.14","cause":"NORMAL_CLEARING"}
2018-09-06 10:49:29	192.168.9.113	{"action":"DUP_NUM_OK","dettId":"13","wlId":"190","num":"0662288747","tip":"N"}
2018-09-06 10:49:46	::1	{"action":"EXT_ENABLED","ext":"302"}
2018-09-06 10:50:00	::1	{"action":"CHECK_CARD","pin":"32bc31bd","realpin":"undefined"}
2018-09-06 10:50:03	::1	{"action":"SAY_BAL_IT","amt":"5.89"}
2018-09-06 10:50:18	::1	{"action":"CALL_REQUEST","uuid":"e21d4f6f-878b-45eb-9523-4304d67dcef7","ext":"302","cardId":"13","dettId":"13","dialedNum":"0662288747"}
2018-09-06 10:50:18	::1	{"uuid":"e21d4f6f-878b-45eb-9523-4304d67dcef7","ext":"302","cardId":"13","dettId":"13","dialedNum":"0662288747"}
2018-09-06 10:50:18	::1	SELECT 
						SUM(c.talkSecs) talkedSecs
					,	COUNT(*) attempts
					,	MAX(IF(IFNULL(c.retryCallId,0)=0,c.callId,0)) recId
					FROM callrec c
					WHERE c.dettId = 13
					AND sessDTTM >= '2018-09-06 12:40.18'
					AND c.callTip = 'N'
					AND c.dialedNum = '0662288747'
					AND status=0
					GROUP BY c.dettId 
					HAVING MIN(IFNULL(c.retryCallId,0)) = 0
2018-09-06 10:50:18	::1	No possibility to recover
2018-09-06 10:50:18	::1	{"uuid":"e21d4f6f-878b-45eb-9523-4304d67dcef7","ext":"302","cardId":"13","dettId":"13","dialedNum":"0662288747","sessDTTM":"2018-09-06 12:50:18","wlId":"190","callTip":"N","descr":"test","callsQta":"2","callsFreq":"D","expire":"3000-12-31","duration":"5","record":"1","globQta":"10","globFreq":"D","minCharge":"0.01","pfxId":"1","tznId":"11","secsGrace":0,"rateType":"N","rate":0.0189,"drpCharge":0,"creditInit":5.89,"secsAvail":18698,"trunkId":"3","trunkType":"D","trunkStr":"sofia\/gateway\/noitel\/","secsMax":300}
2018-09-06 10:53:30	::1	{"action":"CALL_END","callId":"198","totSecs":"181","talkSecs":"181","dialDTTM":"2018-09-06 12:50.21","ansDTTM":"2018-09-06 12:50.29","endDTTM":"2018-09-06 12:53.30","cause":"NORMAL_CLEARING"}
2018-09-06 10:58:01	192.168.9.113	{"action":"GET_CONST","constName":"durations"}
2018-09-06 10:58:09	192.168.9.113	{"action":"DUP_NUM_OK","dettId":"13","wlId":"190","num":"0662288747","tip":"N"}
2018-09-06 10:59:54	192.168.9.113	{"action":"GET_DETT_CREDIT","dettId":"13"}
2018-09-06 11:00:17	::1	{"action":"EXT_ENABLED","ext":"302"}
2018-09-06 11:00:31	::1	{"action":"CHECK_CARD","pin":"32bc31bd","realpin":"undefined"}
2018-09-06 11:00:34	::1	{"action":"SAY_BAL_IT","amt":"5.83"}
2018-09-06 11:00:51	::1	{"action":"CALL_REQUEST","uuid":"52731f3e-1a46-4f70-a807-09e6e41cc7b4","ext":"302","cardId":"13","dettId":"13","dialedNum":"0662288747"}
2018-09-06 11:00:51	::1	{"uuid":"52731f3e-1a46-4f70-a807-09e6e41cc7b4","ext":"302","cardId":"13","dettId":"13","dialedNum":"0662288747"}
2018-09-06 11:00:51	::1	SELECT 
						SUM(c.talkSecs) talkedSecs
					,	COUNT(*) attempts
					,	MAX(IF(IFNULL(c.retryCallId,0)=0,c.callId,0)) recId
					FROM callrec c
					WHERE c.dettId = 13
					AND sessDTTM >= '2018-09-06 12:50.51'
					AND c.callTip = 'N'
					AND c.dialedNum = '0662288747'
					AND status=0
					GROUP BY c.dettId 
					HAVING MIN(IFNULL(c.retryCallId,0)) = 0
2018-09-06 11:00:51	::1	No possibility to recover
2018-09-06 11:00:51	::1	{"uuid":"52731f3e-1a46-4f70-a807-09e6e41cc7b4","ext":"302","cardId":"13","dettId":"13","dialedNum":"0662288747","sessDTTM":"2018-09-06 13:00:51","wlId":"190","callTip":"N","descr":"test","callsQta":"2","callsFreq":"D","expire":"3000-12-31","duration":"5","record":"1","globQta":"10","globFreq":"D","minCharge":"0.01","pfxId":"1","tznId":"11","secsGrace":0,"rateType":"N","rate":0.0189,"drpCharge":0,"creditInit":5.83,"secsAvail":18508,"trunkId":"3","trunkType":"D","trunkStr":"sofia\/gateway\/noitel\/","secsMax":300}
2018-09-06 11:04:15	192.168.9.177	{"action":"GET_DETT_CREDIT","dettId":"13"}
2018-09-06 11:04:54	192.168.9.177	{"action":"GET_CONST","constName":"durations"}
2018-09-06 11:05:58	::1	{"action":"CALL_END","callId":"199","totSecs":"300","talkSecs":"300","dialDTTM":"2018-09-06 13:00.53","ansDTTM":"2018-09-06 13:00.58","endDTTM":"2018-09-06 13:05.58","cause":"ALLOTTED_TIMEOUT"}
2018-09-06 11:37:43	::1	{"action":"EXT_ENABLED","ext":"301"}
2018-09-06 11:37:55	192.168.9.113	{"action":"LOGIN","uid":"","pwd":""}
2018-09-06 11:37:55	192.168.9.113	**Manca Login
2018-09-06 11:37:55	192.168.9.113	**ERROR:Manca Login
2018-09-06 11:38:03	192.168.9.113	{"action":"LOGIN","uid":"admin","pwd":"Passw0rd!"}
2018-09-06 11:38:19	192.168.9.113	{"action":"GET_DETT_CREDIT","dettId":"13"}
2018-09-06 11:39:30	192.168.9.113	{"action":"GET_CONST","constName":"durations"}
2018-09-06 11:40:15	192.168.9.113	{"action":"DUP_NUM_OK","dettId":"13","wlId":"0","num":"0041791047000","tip":"X"}
2018-09-06 11:40:32	::1	{"action":"EXT_ENABLED","ext":"302"}
2018-09-06 11:40:46	::1	{"action":"CHECK_CARD","pin":"32bc31bd","realpin":"undefined"}
2018-09-06 11:40:49	::1	{"action":"SAY_BAL_IT","amt":"5.74"}
2018-09-06 11:41:07	::1	{"action":"CALL_REQUEST","uuid":"94f2851d-faef-40b2-b8da-d1ef932a94b1","ext":"302","cardId":"13","dettId":"13","dialedNum":"004179104"}
2018-09-06 11:41:07	::1	**ERROR:number 004179104 not in whitelist for dett 13
2018-09-06 11:41:20	::1	{"action":"EXT_ENABLED","ext":"302"}
2018-09-06 11:41:25	::1	{"action":"CHECK_CARD","pin":"0","realpin":"undefined"}
2018-09-06 11:41:25	::1	**ERROR:Tessera non presente in Db
2018-09-06 11:41:33	::1	{"action":"EXT_ENABLED","ext":"302"}
2018-09-06 11:41:47	::1	{"action":"CHECK_CARD","pin":"32bc31bd","realpin":"undefined"}
2018-09-06 11:41:50	::1	{"action":"SAY_BAL_IT","amt":"5.74"}
2018-09-06 11:46:36	::1	{"action":"EXT_ENABLED","ext":"302"}
2018-09-06 11:46:51	::1	{"action":"CHECK_CARD","pin":"32bc31bd","realpin":"undefined"}
2018-09-06 11:46:54	::1	{"action":"SAY_BAL_IT","amt":"5.74"}
2018-09-06 11:47:07	::1	{"action":"CALL_REQUEST","uuid":"b76cafb1-3acb-4765-a20f-3695605273f5","ext":"302","cardId":"13","dettId":"13","dialedNum":"0041"}
2018-09-06 11:47:07	::1	**ERROR:number 0041 not in whitelist for dett 13
2018-09-06 11:47:29	::1	{"action":"EXT_ENABLED","ext":"302"}
2018-09-06 11:47:43	::1	{"action":"CHECK_CARD","pin":"32bc31bd","realpin":"undefined"}
2018-09-06 11:47:47	::1	{"action":"SAY_BAL_IT","amt":"5.74"}
2018-09-06 11:48:07	::1	{"action":"CALL_REQUEST","uuid":"f185d710-b107-4c97-b47b-3a434fc64a09","ext":"302","cardId":"13","dettId":"13","dialedNum":"0041791047000"}
2018-09-06 11:48:07	::1	{"uuid":"f185d710-b107-4c97-b47b-3a434fc64a09","ext":"302","cardId":"13","dettId":"13","dialedNum":"0041791047000"}
2018-09-06 11:48:07	::1	SELECT 
						SUM(c.talkSecs) talkedSecs
					,	COUNT(*) attempts
					,	MAX(IF(IFNULL(c.retryCallId,0)=0,c.callId,0)) recId
					FROM callrec c
					WHERE c.dettId = 13
					AND sessDTTM >= '2018-09-06 13:38.07'
					AND c.callTip = 'X'
					AND c.dialedNum = '0041791047000'
					AND status=0
					GROUP BY c.dettId 
					HAVING MIN(IFNULL(c.retryCallId,0)) = 0
2018-09-06 11:48:07	::1	No possibility to recover
2018-09-06 11:48:07	::1	{"uuid":"f185d710-b107-4c97-b47b-3a434fc64a09","ext":"302","cardId":"13","dettId":"13","dialedNum":"0041791047000","sessDTTM":"2018-09-06 13:48:07","wlId":"203","callTip":"X","descr":"","callsQta":"1","callsFreq":"X","expire":"2018-09-06","duration":"5","record":"1","globQta":999,"globFreq":"D","minCharge":"0.05","pfxId":"59","tznId":"3","secsGrace":0,"rateType":"N","rate":0.0514,"drpCharge":0,"creditInit":5.74,"secsAvail":6700,"trunkId":"3","trunkType":"D","trunkStr":"sofia\/gateway\/noitel\/","secsMax":300}
2018-09-06 11:49:34	192.168.9.113	{"action":"GET_CONST","constName":"durations"}
2018-09-06 11:52:03	::1	{"action":"CALL_END","callId":"202","totSecs":"217","talkSecs":"217","dialDTTM":"2018-09-06 13:48.17","ansDTTM":"2018-09-06 13:48.26","endDTTM":"2018-09-06 13:52.03","cause":"NORMAL_CLEARING"}
2018-09-06 11:52:20	192.168.9.113	{"action":"DUP_NUM_OK","dettId":"13","wlId":"203","num":"0041791047000","tip":"X"}
2018-09-06 11:57:16	::1	{"action":"EXT_ENABLED","ext":"302"}
2018-09-06 11:57:30	::1	{"action":"CHECK_CARD","pin":"32bc31bd","realpin":"undefined"}
2018-09-06 11:57:34	::1	{"action":"SAY_BAL_IT","amt":"5.55"}
2018-09-06 11:57:57	::1	{"action":"CALL_REQUEST","uuid":"8d651c14-0c99-4656-9c6a-c4cb97cbc6c8","ext":"302","cardId":"13","dettId":"13","dialedNum":"004179104700"}
2018-09-06 11:57:57	::1	**ERROR:number 004179104700 not in whitelist for dett 13
2018-09-06 11:58:05	::1	{"action":"EXT_ENABLED","ext":"302"}
2018-09-06 11:58:11	::1	{"action":"EXT_ENABLED","ext":"305"}
2018-09-06 11:58:16	::1	{"action":"CHECK_CARD","pin":"999","realpin":"undefined"}
2018-09-06 11:58:19	::1	{"action":"SAY_BAL_IT","amt":"9.41"}
2018-09-06 11:58:27	::1	{"action":"CALL_REQUEST","uuid":"98f1d409-83f0-4b17-a8b1-cbf8a6a249a1","ext":"305","cardId":"9","dettId":"1","dialedNum":""}
2018-09-06 11:58:27	::1	**dialedNum missing
2018-09-06 11:58:27	::1	**ERROR:dialedNum missing
2018-09-06 11:58:32	::1	{"action":"EXT_ENABLED","ext":"302"}
2018-09-06 11:58:46	::1	{"action":"CHECK_CARD","pin":"32bc31bd","realpin":"undefined"}
2018-09-06 11:58:50	::1	{"action":"SAY_BAL_IT","amt":"5.55"}
2018-09-06 11:58:56	192.168.9.177	{"action":"GET_DETT_CREDIT","dettId":"1"}
2018-09-06 11:59:10	::1	{"action":"CALL_REQUEST","uuid":"a320fc24-c71c-4b6d-8f2e-ee9b96a5c560","ext":"302","cardId":"13","dettId":"13","dialedNum":"0041791047000"}
2018-09-06 11:59:10	::1	{"uuid":"a320fc24-c71c-4b6d-8f2e-ee9b96a5c560","ext":"302","cardId":"13","dettId":"13","dialedNum":"0041791047000"}
2018-09-06 11:59:10	::1	SELECT 
						SUM(c.talkSecs) talkedSecs
					,	COUNT(*) attempts
					,	MAX(IF(IFNULL(c.retryCallId,0)=0,c.callId,0)) recId
					FROM callrec c
					WHERE c.dettId = 13
					AND sessDTTM >= '2018-09-06 13:49.10'
					AND c.callTip = 'X'
					AND c.dialedNum = '0041791047000'
					AND status=0
					GROUP BY c.dettId 
					HAVING MIN(IFNULL(c.retryCallId,0)) = 0
2018-09-06 11:59:10	::1	No possibility to recover
2018-09-06 11:59:11	::1	**ERROR:Reached limit to calls to this number
2018-09-06 12:00:18	::1	{"action":"EXT_ENABLED","ext":"305"}
2018-09-06 12:00:28	::1	{"action":"CHECK_CARD","pin":"999","realpin":"undefined"}
2018-09-06 12:00:30	::1	{"action":"SAY_BAL_IT","amt":"9.41"}
2018-09-06 12:00:45	::1	{"action":"CALL_REQUEST","uuid":"2c1ad45c-1fc2-417b-8fbc-c7bb5ecb5ddd","ext":"305","cardId":"9","dettId":"1","dialedNum":"3932188108"}
2018-09-06 12:00:45	::1	{"uuid":"2c1ad45c-1fc2-417b-8fbc-c7bb5ecb5ddd","ext":"305","cardId":"9","dettId":"1","dialedNum":"3932188108"}
2018-09-06 12:00:45	::1	SELECT 
						SUM(c.talkSecs) talkedSecs
					,	COUNT(*) attempts
					,	MAX(IF(IFNULL(c.retryCallId,0)=0,c.callId,0)) recId
					FROM callrec c
					WHERE c.dettId = 1
					AND sessDTTM >= '2018-09-06 13:30.45'
					AND c.callTip = 'N'
					AND c.dialedNum = '3932188108'
					AND status=0
					GROUP BY c.dettId 
					HAVING MIN(IFNULL(c.retryCallId,0)) = 0
2018-09-06 12:00:45	::1	No possibility to recover
2018-09-06 12:00:45	::1	{"uuid":"2c1ad45c-1fc2-417b-8fbc-c7bb5ecb5ddd","ext":"305","cardId":"9","dettId":"1","dialedNum":"3932188108","sessDTTM":"2018-09-06 14:00:45","wlId":"173","callTip":"N","descr":"A cell","callsQta":"6","callsFreq":"D","expire":"0000-00-00","duration":"2","record":"1","globQta":"10","globFreq":"D","minCharge":"0.05","pfxId":"120","tznId":"2","secsGrace":0,"rateType":"N","rate":0.0944,"drpCharge":0,"creditInit":9.41,"secsAvail":5981,"trunkId":"3","trunkType":"D","trunkStr":"sofia\/gateway\/noitel\/","secsMax":120}
2018-09-06 12:01:04	::1	{"action":"CALL_END","callId":"205","totSecs":"9","talkSecs":"9","dialDTTM":"2018-09-06 14:00.52","ansDTTM":"2018-09-06 14:00.55","endDTTM":"2018-09-06 14:01.04","cause":"NORMAL_CLEARING"}
2018-09-06 12:08:47	::1	{"action":"EXT_ENABLED","ext":"301"}
2018-09-06 12:09:01	::1	{"action":"CHECK_CARD","pin":"32bcd779","realpin":"undefined"}
2018-09-06 12:11:01	::1	{"action":"EXT_ENABLED","ext":"301"}
2018-09-06 12:11:15	::1	{"action":"CHECK_CARD","pin":"32bc2d06","realpin":"undefined"}
2018-09-06 12:11:15	::1	**ERROR:Tessera non presente in Db
2018-09-06 12:12:09	::1	{"action":"EXT_ENABLED","ext":"301"}
2018-09-06 12:12:23	::1	{"action":"CHECK_CARD","pin":"e295cd4a","realpin":"undefined"}
2018-09-06 12:12:23	::1	**ERROR:Tessera non associata a nessuno
2018-09-06 12:12:42	::1	{"action":"EXT_ENABLED","ext":"301"}
2018-09-06 12:12:56	::1	{"action":"CHECK_CARD","pin":"32bc0551","realpin":"undefined"}
2018-09-06 12:13:10	::1	{"action":"SAY_BAL_IT","amt":"10"}
2018-09-06 12:13:26	::1	{"action":"EXT_ENABLED","ext":"301"}
2018-09-06 12:13:40	::1	{"action":"CHECK_CARD","pin":"32bc31bd","realpin":"undefined"}
2018-09-06 12:13:46	::1	{"action":"SAY_BAL_IT","amt":"5.55"}
2018-09-06 12:13:50	::1	{"action":"EXT_ENABLED","ext":"301"}
2018-09-06 12:14:03	::1	{"action":"CHECK_CARD","pin":"NaN","realpin":"undefined"}
2018-09-06 12:14:03	::1	**ERROR:Tessera non presente in Db
2018-09-06 12:14:14	::1	{"action":"EXT_ENABLED","ext":"301"}
2018-09-06 12:14:28	::1	{"action":"CHECK_CARD","pin":"52e0e8aa","realpin":"undefined"}
2018-09-06 12:20:43	192.168.9.177	{"action":"COMPACT_UID","uid":"555"}
2018-09-06 12:20:51	192.168.9.177	{"action":"COMPACT_UID","uid":"555"}
2018-09-06 12:20:51	192.168.9.177	{"action":"SAVE_CARD","cardId":"0","enabled":"0","pinOrig":"555","pin":"555","serial":"99555","notes":"tesser fake"}
2018-09-06 12:21:01	192.168.9.177	{"action":"COMPACT_UID","uid":"555"}
2018-09-06 12:21:01	192.168.9.177	{"action":"SAVE_CARD","cardId":"17","enabled":"1","pinOrig":"555","pin":"555","serial":"99555","notes":"tesser fake"}
2018-09-06 12:21:13	192.168.9.177	{"action":"GET_DETT_CREDIT","dettId":"15"}
2018-09-06 12:21:24	192.168.9.177	{"action":"FREE_CARD","serial":"100003"}
2018-09-06 12:22:06	::1	{"action":"EXT_ENABLED","ext":"305"}
2018-09-06 12:22:10	::1	{"action":"CHECK_CARD","pin":"0","realpin":"undefined"}
2018-09-06 12:22:10	::1	**ERROR:Tessera non presente in Db
2018-09-06 12:23:03	192.168.9.177	{"action":"COMPACT_UID","uid":"124"}
2018-09-06 12:23:11	192.168.9.177	{"action":"COMPACT_UID","uid":"124"}
2018-09-06 12:23:11	192.168.9.177	{"action":"SAVE_CARD","cardId":"17","enabled":"1","pinOrig":"124","pin":"124","serial":"99124","notes":"tessera fake"}
2018-09-06 12:23:11	192.168.9.177	**Impossibile aggiornate: tessera NON trovata
2018-09-06 12:23:11	192.168.9.177	**ERROR:Impossibile aggiornate: tessera NON trovata
2018-09-06 12:23:18	192.168.9.177	{"action":"COMPACT_UID","uid":"124"}
2018-09-06 12:23:18	192.168.9.177	{"action":"SAVE_CARD","cardId":"17","enabled":"1","pinOrig":"124","pin":"124","serial":"99124","notes":"tessera fake"}
2018-09-06 12:23:18	192.168.9.177	**Impossibile aggiornate: tessera NON trovata
2018-09-06 12:23:18	192.168.9.177	**ERROR:Impossibile aggiornate: tessera NON trovata
2018-09-06 12:23:30	192.168.9.177	{"action":"CARD_DELETE","card":"99555"}
2018-09-06 12:23:30	192.168.9.177	**Impossibile eliminare Tessera
Usata da Pizzi, Adriano
2018-09-06 12:23:30	192.168.9.177	**ERROR:Impossibile eliminare Tessera
Usata da Pizzi, Adriano
2018-09-06 12:23:38	192.168.9.177	{"action":"FREE_CARD","serial":"99555"}
2018-09-06 12:23:51	192.168.9.177	{"action":"CARD_DELETE","card":"99555"}
2018-09-06 12:24:01	192.168.9.177	{"action":"COMPACT_UID","uid":"124"}
2018-09-06 12:24:12	192.168.9.177	{"action":"COMPACT_UID","uid":"124"}
2018-09-06 12:24:12	192.168.9.177	{"action":"SAVE_CARD","cardId":"0","enabled":"1","pinOrig":"124","pin":"124","serial":"99124","notes":"tessera fake"}
2018-09-06 12:24:33	::1	{"action":"EXT_ENABLED","ext":"305"}
2018-09-06 12:24:39	::1	{"action":"CHECK_CARD","pin":"124","realpin":"undefined"}
2018-09-06 12:24:42	::1	{"action":"SAY_BAL_IT","amt":"33.23"}
2018-09-06 12:24:57	::1	{"action":"CALL_REQUEST","uuid":"1a504496-108a-4c5d-aef3-6189b5ed101b","ext":"305","cardId":"18","dettId":"15","dialedNum":"3333333333"}
2018-09-06 12:24:57	::1	**ERROR:number 3333333333 not in whitelist for dett 15
2018-09-06 12:25:28	192.168.9.177	{"action":"GET_CONST","constName":"durations"}
2018-09-06 12:26:00	192.168.9.177	{"action":"DUP_NUM_OK","dettId":"15","wlId":"0","num":"3332094333","tip":"A"}
2018-09-06 12:26:06	::1	{"action":"EXT_ENABLED","ext":"305"}
2018-09-06 12:26:12	::1	{"action":"CHECK_CARD","pin":"124","realpin":"undefined"}
2018-09-06 12:26:15	::1	{"action":"SAY_BAL_IT","amt":"33.23"}
2018-09-06 12:26:33	::1	{"action":"CALL_REQUEST","uuid":"f1217f59-6e1b-49bd-81b5-b5ee44695c8c","ext":"305","cardId":"18","dettId":"15","dialedNum":"33320943333"}
2018-09-06 12:26:33	::1	**ERROR:number 33320943333 not in whitelist for dett 15
2018-09-06 12:26:40	::1	{"action":"EXT_ENABLED","ext":"305"}
2018-09-06 12:26:45	::1	{"action":"CHECK_CARD","pin":"124","realpin":"undefined"}
2018-09-06 12:26:48	::1	{"action":"SAY_BAL_IT","amt":"33.23"}
2018-09-06 12:27:04	::1	{"action":"CALL_REQUEST","uuid":"2acf8a44-28e2-47de-969d-d0bc65dfb74c","ext":"305","cardId":"18","dettId":"15","dialedNum":"3332094333"}
2018-09-06 12:27:04	::1	{"uuid":"2acf8a44-28e2-47de-969d-d0bc65dfb74c","ext":"305","cardId":"18","dettId":"15","dialedNum":"3332094333"}
2018-09-06 12:27:04	::1	SELECT 
						SUM(c.talkSecs) talkedSecs
					,	COUNT(*) attempts
					,	MAX(IF(IFNULL(c.retryCallId,0)=0,c.callId,0)) recId
					FROM callrec c
					WHERE c.dettId = 15
					AND sessDTTM >= '2018-09-06 13:27.04'
					AND c.callTip = 'A'
					AND c.dialedNum = '3332094333'
					AND status=0
					GROUP BY c.dettId 
					HAVING MIN(IFNULL(c.retryCallId,0)) = 0
2018-09-06 12:27:04	::1	No possibility to recover
2018-09-06 12:27:04	::1	{"uuid":"2acf8a44-28e2-47de-969d-d0bc65dfb74c","ext":"305","cardId":"18","dettId":"15","dialedNum":"3332094333","sessDTTM":"2018-09-06 14:27:04","wlId":"204","callTip":"A","descr":"facco","callsQta":"6","callsFreq":"D","expire":"3000-12-31","duration":"86400","record":"1","globQta":"1","globFreq":"D","minCharge":"0.05","pfxId":"120","tznId":"2","secsGrace":0,"rateType":"N","rate":0.0944,"drpCharge":0,"creditInit":33.23,"secsAvail":21121,"trunkId":"3","trunkType":"D","trunkStr":"sofia\/gateway\/noitel\/","secsMax":21121}
2018-09-06 12:30:12	::1	{"action":"CALL_END","callId":"208","totSecs":"164","talkSecs":"164","dialDTTM":"2018-09-06 14:27.13","ansDTTM":"2018-09-06 14:27.28","endDTTM":"2018-09-06 14:30.12","cause":"NORMAL_CLEARING"}
2018-09-06 12:34:55	192.168.9.177	{"action":"GET_DETT_CREDIT","dettId":"15"}
2018-09-06 12:53:39	192.168.9.177	{"action":"LOGIN","uid":"admin","pwd":"Passw0rd!"}
2018-09-06 12:54:03	192.168.9.177	{"action":"ENA_SET","uid":"4","ena":"1,3,4,5,7,8"}
2018-09-06 12:54:07	192.168.9.177	{"action":"ENA_SET","uid":"4","ena":"1,3,4,5,6,7,8"}
2018-09-06 12:54:11	192.168.9.177	{"action":"ENA_SET","uid":"1","ena":"1,2,3,4,5,6,7,8"}
2018-09-06 12:54:31	192.168.9.177	{"action":"SAVE_WIN_POS","userId":"1","data":"[{\"id\":\"dettWin\",\"l\":-2,\"t\":0,\"w\":791,\"h\":728},{\"id\":\"dettAccWin\",\"l\":796,\"t\":0,\"w\":600,\"h\":420}]"}
2018-09-06 12:54:35	192.168.9.177	{"action":"LOGIN","uid":"admin","pwd":"Passw0rd!"}
2018-09-06 13:01:33	192.168.9.177	{"action":"GET_DETT_CREDIT","dettId":"15"}
2018-09-06 13:10:51	192.168.9.177	{"action":"LOGIN","uid":"admin","pwd":"Passw0rd!"}
2018-09-06 13:11:02	192.168.9.177	{"action":"GET_DETT_CREDIT","dettId":"15"}
2018-09-06 13:12:51	192.168.9.177	{"action":"GET_DETT_CREDIT","dettId":"15"}
2018-09-06 13:14:24	192.168.9.177	{"action":"GET_DETT_CREDIT","dettId":"15"}
2018-09-06 13:15:45	192.168.9.177	{"action":"LOGIN","uid":"admin","pwd":"Passw0rd!"}
2018-09-06 13:15:48	192.168.9.177	{"action":"GET_DETT_CREDIT","dettId":"15"}
2018-09-06 13:17:21	192.168.9.177	{"action":"SAVE_WIN_POS","userId":"1","data":"[{\"id\":\"dettWin\",\"l\":-2,\"t\":0,\"w\":791,\"h\":728},{\"id\":\"dettAccWin\",\"l\":796,\"t\":0,\"w\":600,\"h\":420}]"}
2018-09-06 13:17:25	192.168.9.177	{"action":"LOGIN","uid":"admin","pwd":"Passw0rd!"}
2018-09-06 13:17:28	192.168.9.177	{"action":"GET_DETT_CREDIT","dettId":"15"}
2018-09-06 13:18:17	192.168.9.177	{"action":"SAVE_WIN_POS","userId":"1","data":"[{\"id\":\"dettWin\",\"l\":-2,\"t\":0,\"w\":791,\"h\":728},{\"id\":\"dettAccWin\",\"l\":796,\"t\":0,\"w\":600,\"h\":420}]"}
2018-09-06 13:18:20	192.168.9.177	{"action":"LOGIN","uid":"admin","pwd":"Passw0rd!"}
2018-09-06 13:18:23	192.168.9.177	{"action":"GET_DETT_CREDIT","dettId":"15"}
2018-09-06 13:28:06	192.168.9.177	{"action":"SAVE_WIN_POS","userId":"1","data":"[{\"id\":\"dettWin\",\"l\":-2,\"t\":0,\"w\":791,\"h\":728},{\"id\":\"dettAccWin\",\"l\":796,\"t\":0,\"w\":600,\"h\":420}]"}
2018-09-06 13:28:10	192.168.9.177	{"action":"LOGIN","uid":"admin","pwd":"Passw0rd!"}
2018-09-06 13:28:14	192.168.9.177	{"action":"GET_DETT_CREDIT","dettId":"3"}
2018-09-06 13:30:35	192.168.9.177	{"action":"SAVE_WIN_POS","userId":"1","data":"[{\"id\":\"dettWin\",\"l\":-2,\"t\":0,\"w\":791,\"h\":728},{\"id\":\"dettAccWin\",\"l\":796,\"t\":0,\"w\":600,\"h\":420}]"}
2018-09-06 13:30:38	192.168.9.177	{"action":"LOGIN","uid":"admin","pwd":"Passw0rd!"}
2018-09-06 13:30:41	192.168.9.177	{"action":"GET_DETT_CREDIT","dettId":"5"}
2018-09-06 13:35:23	192.168.9.177	{"action":"SAVE_WIN_POS","userId":"1","data":"[{\"id\":\"dettWin\",\"l\":-2,\"t\":0,\"w\":791,\"h\":728},{\"id\":\"dettAccWin\",\"l\":796,\"t\":0,\"w\":600,\"h\":420}]"}
2018-09-06 13:35:26	192.168.9.177	{"action":"LOGIN","uid":"admin","pwd":"Passw0rd!"}
2018-09-06 13:35:31	192.168.9.177	{"action":"GET_DETT_CREDIT","dettId":"15"}
2018-09-06 13:36:14	192.168.9.177	{"action":"GET_DETT_CREDIT","dettId":"13"}
2018-09-06 13:37:22	192.168.9.177	{"action":"SAVE_WIN_POS","userId":"1","data":"[{\"id\":\"dettWin\",\"l\":-2,\"t\":0,\"w\":791,\"h\":728},{\"id\":\"dettAccWin\",\"l\":796,\"t\":0,\"w\":600,\"h\":420}]"}
2018-09-06 13:37:26	192.168.9.177	{"action":"LOGIN","uid":"admin","pwd":"Passw0rd!"}
2018-09-06 13:37:30	192.168.9.177	{"action":"GET_DETT_CREDIT","dettId":"15"}
2018-09-06 13:38:13	192.168.9.177	{"action":"GET_DETT_CREDIT","dettId":"13"}
2018-09-06 13:39:01	192.168.9.177	{"action":"GET_DETT_CREDIT","dettId":"15"}
2018-09-06 14:10:08	192.168.9.177	{"action":"SAVE_WIN_POS","userId":"1","data":"[{\"id\":\"dettWin\",\"l\":-2,\"t\":0,\"w\":791,\"h\":728},{\"id\":\"dettAccWin\",\"l\":796,\"t\":0,\"w\":600,\"h\":420}]"}
2018-09-06 14:10:12	192.168.9.177	{"action":"LOGIN","uid":"admin","pwd":"Passw0rd!"}
2018-09-06 14:10:17	192.168.9.177	{"action":"GET_DETT_CREDIT","dettId":"15"}
2018-09-06 14:10:25	192.168.9.177	{"action":"GET_DETT_CREDIT","dettId":"15"}
2018-09-06 14:11:39	192.168.9.177	{"action":"SAVE_WIN_POS","userId":"1","data":"[{\"id\":\"dettWin\",\"l\":-2,\"t\":0,\"w\":791,\"h\":728},{\"id\":\"dettAccWin\",\"l\":796,\"t\":0,\"w\":600,\"h\":420}]"}
2018-09-06 14:11:42	192.168.9.177	{"action":"LOGIN","uid":"admin","pwd":"Passw0rd!"}
2018-09-06 14:11:45	192.168.9.177	{"action":"GET_DETT_CREDIT","dettId":"7"}
2018-09-06 14:33:44	192.168.9.177	{"action":"SAVE_WIN_POS","userId":"1","data":"[{\"id\":\"dettWin\",\"l\":-2,\"t\":0,\"w\":791,\"h\":728},{\"id\":\"dettAccWin\",\"l\":796,\"t\":0,\"w\":600,\"h\":420}]"}
2018-09-06 14:33:48	192.168.9.177	{"action":"LOGIN","uid":"admin","pwd":"Passw0rd!"}
2018-09-06 14:34:02	192.168.9.177	{"action":"GET_DETT_CREDIT","dettId":"15"}
2018-09-06 14:40:26	192.168.9.177	{"action":"SAVE_WIN_POS","userId":"1","data":"[{\"id\":\"dettWin\",\"l\":-2,\"t\":0,\"w\":791,\"h\":728},{\"id\":\"dettAccWin\",\"l\":796,\"t\":0,\"w\":600,\"h\":420}]"}
2018-09-06 14:40:34	192.168.9.177	{"action":"LOGIN","uid":"admin","pwd":"Passw0rd!"}
2018-09-06 14:40:38	192.168.9.177	{"action":"GET_DETT_CREDIT","dettId":"8"}
2018-09-06 14:50:00	192.168.9.177	{"action":"SAVE_WIN_POS","userId":"1","data":"[{\"id\":\"dettWin\",\"l\":-2,\"t\":0,\"w\":791,\"h\":728},{\"id\":\"dettAccWin\",\"l\":796,\"t\":0,\"w\":600,\"h\":420}]"}
2018-09-06 14:50:07	192.168.9.177	{"action":"LOGIN","uid":"admin","pwd":"Passw0rd!"}
2018-09-06 14:50:15	192.168.9.177	{"action":"GET_DETT_CREDIT","dettId":"3"}
2018-09-06 14:50:50	192.168.9.177	{"action":"GET_DETT_CREDIT","dettId":"15"}
2018-09-06 14:51:22	192.168.9.177	{"action":"GET_DETT_CREDIT","dettId":"15"}
2018-09-06 14:52:40	192.168.9.177	{"action":"GET_DETT_CREDIT","dettId":"15"}
2018-09-06 14:55:38	::1	{"action":"EXT_ENABLED","ext":"302"}
2018-09-06 15:28:15	::1	{"action":"EXT_ENABLED","ext":"305"}
2018-09-06 15:28:20	::1	{"action":"CHECK_CARD","pin":"124","realpin":"undefined"}
2018-09-06 15:28:24	::1	{"action":"SAY_BAL_IT","amt":"32.97"}
2018-09-06 15:28:39	::1	{"action":"CALL_REQUEST","uuid":"8aafd4da-a6b1-45e5-aa68-a0332f2fe9ec","ext":"305","cardId":"18","dettId":"15","dialedNum":"3932188108"}
2018-09-06 15:28:39	::1	{"uuid":"8aafd4da-a6b1-45e5-aa68-a0332f2fe9ec","ext":"305","cardId":"18","dettId":"15","dialedNum":"3932188108"}
2018-09-06 15:28:39	::1	SELECT 
						SUM(c.talkSecs) talkedSecs
					,	COUNT(*) attempts
					,	MAX(IF(IFNULL(c.retryCallId,0)=0,c.callId,0)) recId
					FROM callrec c
					WHERE c.dettId = 15
					AND sessDTTM >= '2018-09-06 17:18.39'
					AND c.callTip = 'N'
					AND c.dialedNum = '3932188108'
					AND status=0
					GROUP BY c.dettId 
					HAVING MIN(IFNULL(c.retryCallId,0)) = 0
2018-09-06 15:28:39	::1	No possibility to recover
2018-09-06 15:28:39	::1	**ERROR:Reached limit to calls to this number
