2018-08-08 08:26:19	::1	**ERROR:Numero 0690289704 scaduto il 2018-08-07
2018-08-08 09:23:00	::1	**ERROR:Reached limit to calls to this number
2018-08-08 09:23:59	::1	**ERROR:Looking for number:
2018-08-08 09:31:07	::1	**ERROR:Reached limit to calls to this number
2018-08-08 09:47:38	::1	**ERROR:Reached limit to calls to this number
2018-08-08 09:47:55	::1	**ERROR:Tessera non presente in Db
2018-08-08 09:48:05	::1	**No realpin supplied!
2018-08-08 09:48:05	::1	**ERROR:No realpin supplied!
2018-08-08 10:10:15	::1	**ERROR:Tessera non presente in Db
2018-08-08 10:10:40	::1	**ERROR:Tessera non presente in Db
2018-08-08 10:11:41	::1	**ERROR:Reached limit to calls to this number
2018-08-08 10:24:23	::1	**ERROR:Reached limit to calls to this number
2018-08-08 10:25:30	::1	**ERROR:Reached limit to calls to this number
2018-08-08 10:42:48	::1	**ERROR:Errore pin
2018-08-08 10:46:44	::1	**ERROR:Reached limit to calls to this number
2018-08-08 11:00:05	::1	**ERROR:Reached limit to calls to this number
2018-08-08 11:01:53	::1	**ERROR:number 3932188108 not in whitelist for dett 15
2018-08-08 11:05:33	::1	**ERROR:Reached limit to calls to this number
2018-08-08 14:33:58	::1	**ERROR:number 0990 not in whitelist for dett 15
2018-08-08 14:40:56	::1	**ERROR:number 3477737362 not in whitelist for dett 13
2018-08-08 14:41:49	::1	**ERROR:Errore pin
2018-08-08 14:42:41	::1	**ERROR:Errore pin
2018-08-08 14:43:04	::1	**ERROR:Tessera non presente in Db
2018-08-08 14:43:30	::1	**ERROR:Tessera non presente in Db
2018-08-08 14:43:45	::1	**ERROR:Reached limit to calls to this number
2018-08-08 14:43:54	::1	**ERROR:Tessera non presente in Db
2018-08-08 14:44:19	::1	**No realpin supplied!
2018-08-08 14:44:19	::1	**ERROR:No realpin supplied!
2018-08-08 14:44:32	::1	**No realpin supplied!
2018-08-08 14:44:32	::1	**ERROR:No realpin supplied!
2018-08-08 14:44:40	::1	**No realpin supplied!
2018-08-08 14:44:40	::1	**ERROR:No realpin supplied!
2018-08-08 14:45:02	::1	**ERROR:Tessera non presente in Db
2018-08-08 14:45:23	::1	**No realpin supplied!
2018-08-08 14:45:23	::1	**ERROR:No realpin supplied!
2018-08-08 14:45:34	::1	**No realpin supplied!
2018-08-08 14:45:34	::1	**ERROR:No realpin supplied!
2018-08-08 14:45:42	::1	**No realpin supplied!
2018-08-08 14:45:42	::1	**ERROR:No realpin supplied!
2018-08-08 14:45:58	::1	**No realpin supplied!
2018-08-08 14:45:58	::1	**ERROR:No realpin supplied!
2018-08-08 14:46:11	::1	**ERROR:Tessera non presente in Db
2018-08-08 14:47:39	::1	**ERROR:Errore pin
2018-08-08 14:48:12	::1	**No realpin supplied!
2018-08-08 14:48:12	::1	**ERROR:No realpin supplied!
2018-08-08 14:48:24	::1	**No realpin supplied!
2018-08-08 14:48:24	::1	**ERROR:No realpin supplied!
2018-08-08 14:48:48	::1	**ERROR:Errore pin
2018-08-08 14:49:15	::1	**ERROR:Errore pin
2018-08-08 14:49:19	::1	**ERROR:Errore pin
2018-08-08 14:49:39	::1	**ERROR:Errore pin
2018-08-08 14:49:55	::1	**No realpin supplied!
2018-08-08 14:49:55	::1	**ERROR:No realpin supplied!
2018-08-08 14:50:22	::1	**No realpin supplied!
2018-08-08 14:50:22	::1	**ERROR:No realpin supplied!
2018-08-08 14:50:24	::1	**ERROR:Errore pin
2018-08-08 14:50:33	::1	**ERROR:Tessera non presente in Db
2018-08-08 14:50:50	::1	**No realpin supplied!
2018-08-08 14:50:50	::1	**ERROR:No realpin supplied!
2018-08-08 14:51:03	::1	**No realpin supplied!
2018-08-08 14:51:03	::1	**ERROR:No realpin supplied!
2018-08-08 14:51:05	::1	**No realpin supplied!
2018-08-08 14:51:05	::1	**ERROR:No realpin supplied!
2018-08-08 14:51:15	::1	**No realpin supplied!
2018-08-08 14:51:15	::1	**ERROR:No realpin supplied!
2018-08-08 14:51:36	::1	**ERROR:Errore pin
2018-08-08 14:52:05	::1	**No realpin supplied!
2018-08-08 14:52:05	::1	**ERROR:No realpin supplied!
2018-08-08 14:52:13	::1	**No realpin supplied!
2018-08-08 14:52:13	::1	**ERROR:No realpin supplied!
2018-08-08 14:52:28	::1	**ERROR:Errore pin
2018-08-08 14:52:38	::1	**ERROR:Tessera non presente in Db
2018-08-08 14:53:25	::1	**ERROR:number 06941265 not in whitelist for dett 13
2018-08-08 14:57:32	::1	**ERROR:Reached limit to calls to this number
2018-08-08 15:08:48	192.168.90.3	**Password Errata!
2018-08-08 15:08:48	192.168.90.3	**ERROR:Password Errata!
2018-08-08 15:32:44	::1	**ERROR:Reached limit to calls to this number
