00:00:01 - No records found in db
00:02:01 - No records found in db
00:04:01 - No records found in db
00:06:01 - No records found in db
00:08:01 - No records found in db
00:10:01 - No records found in db
00:12:01 - No records found in db
00:14:01 - No records found in db
00:16:01 - No records found in db
00:18:01 - No records found in db
00:20:01 - No records found in db
00:22:01 - No records found in db
00:24:01 - No records found in db
00:26:02 - No records found in db
00:28:01 - No records found in db
00:30:01 - No records found in db
00:32:01 - No records found in db
00:34:01 - No records found in db
00:36:01 - No records found in db
00:38:01 - No records found in db
00:40:01 - No records found in db
00:42:01 - No records found in db
00:44:01 - No records found in db
00:46:01 - No records found in db
00:48:01 - No records found in db
00:50:01 - No records found in db
00:52:01 - No records found in db
00:54:01 - No records found in db
00:56:01 - No records found in db
00:58:01 - No records found in db
01:00:02 - No records found in db
01:02:01 - No records found in db
01:04:01 - No records found in db
01:06:01 - No records found in db
01:08:01 - No records found in db
01:10:01 - No records found in db
01:12:01 - No records found in db
01:14:01 - No records found in db
01:16:01 - No records found in db
01:18:01 - No records found in db
01:20:01 - No records found in db
01:22:01 - No records found in db
01:24:01 - No records found in db
01:26:01 - No records found in db
01:28:01 - No records found in db
01:30:01 - No records found in db
01:32:01 - No records found in db
01:34:01 - No records found in db
01:36:02 - No records found in db
01:38:01 - No records found in db
01:40:01 - No records found in db
01:42:01 - No records found in db
01:44:01 - No records found in db
01:46:01 - No records found in db
01:48:01 - No records found in db
01:50:01 - No records found in db
01:52:01 - No records found in db
01:54:01 - No records found in db
01:56:01 - No records found in db
01:58:01 - No records found in db
02:00:01 - No records found in db
02:02:01 - No records found in db
02:04:01 - No records found in db
02:06:01 - No records found in db
02:08:01 - No records found in db
02:10:01 - No records found in db
02:12:01 - No records found in db
02:14:01 - No records found in db
02:16:01 - No records found in db
02:18:01 - No records found in db
02:20:01 - No records found in db
02:22:01 - No records found in db
02:24:01 - No records found in db
02:26:01 - No records found in db
02:28:01 - No records found in db
02:30:01 - No records found in db
02:32:01 - No records found in db
02:34:01 - No records found in db
02:36:01 - No records found in db
02:38:01 - No records found in db
02:40:01 - No records found in db
02:42:01 - No records found in db
02:44:01 - No records found in db
02:46:01 - No records found in db
02:48:01 - No records found in db
02:50:01 - No records found in db
02:52:01 - No records found in db
02:54:01 - No records found in db
02:56:01 - No records found in db
02:58:01 - No records found in db
03:00:01 - No records found in db
03:02:01 - No records found in db
03:04:01 - No records found in db
03:06:01 - No records found in db
03:08:01 - No records found in db
03:10:01 - No records found in db
03:12:01 - No records found in db
03:14:01 - No records found in db
03:16:01 - No records found in db
03:18:01 - No records found in db
03:20:01 - No records found in db
03:22:01 - No records found in db
03:24:01 - No records found in db
03:26:01 - No records found in db
03:28:01 - No records found in db
03:30:01 - No records found in db
03:32:01 - No records found in db
03:34:01 - No records found in db
03:36:01 - No records found in db
03:38:01 - No records found in db
03:40:01 - No records found in db
03:42:01 - No records found in db
03:44:02 - No records found in db
03:46:01 - No records found in db
03:48:01 - No records found in db
03:50:01 - No records found in db
03:52:01 - No records found in db
03:54:01 - No records found in db
03:56:01 - No records found in db
03:58:01 - No records found in db
04:00:01 - No records found in db
04:02:01 - No records found in db
04:04:01 - No records found in db
04:06:01 - No records found in db
04:08:01 - No records found in db
04:10:01 - No records found in db
04:12:01 - No records found in db
04:14:01 - No records found in db
04:16:01 - No records found in db
04:18:02 - No records found in db
04:20:01 - No records found in db
04:22:01 - No records found in db
04:24:01 - No records found in db
04:26:01 - No records found in db
04:28:01 - No records found in db
04:30:01 - No records found in db
04:32:01 - No records found in db
04:34:01 - No records found in db
04:36:01 - No records found in db
04:38:01 - No records found in db
04:40:01 - No records found in db
04:42:01 - No records found in db
04:44:01 - No records found in db
04:46:01 - No records found in db
04:48:01 - No records found in db
04:50:01 - No records found in db
04:52:01 - No records found in db
04:54:02 - No records found in db
04:56:01 - No records found in db
04:58:01 - No records found in db
05:00:01 - No records found in db
05:02:01 - No records found in db
05:04:01 - No records found in db
05:06:01 - No records found in db
05:08:01 - No records found in db
05:10:01 - No records found in db
05:12:01 - No records found in db
05:14:01 - No records found in db
05:16:01 - No records found in db
05:18:01 - No records found in db
05:20:01 - No records found in db
05:22:01 - No records found in db
05:24:01 - No records found in db
05:26:01 - No records found in db
05:28:01 - No records found in db
05:30:02 - No records found in db
05:32:01 - No records found in db
05:34:01 - No records found in db
05:36:01 - No records found in db
05:38:01 - No records found in db
05:40:01 - No records found in db
05:42:01 - No records found in db
05:44:01 - No records found in db
05:46:01 - No records found in db
05:48:01 - No records found in db
05:50:01 - No records found in db
05:52:01 - No records found in db
05:54:01 - No records found in db
05:56:01 - No records found in db
05:58:01 - No records found in db
06:00:01 - No records found in db
06:02:01 - No records found in db
06:04:01 - No records found in db
06:06:02 - No records found in db
06:08:01 - No records found in db
06:10:01 - No records found in db
06:12:01 - No records found in db
06:14:01 - No records found in db
06:16:01 - No records found in db
06:18:01 - No records found in db
06:20:01 - No records found in db
06:22:01 - No records found in db
06:24:01 - No records found in db
06:26:01 - No records found in db
06:28:01 - No records found in db
06:30:01 - No records found in db
06:32:01 - No records found in db
06:34:01 - No records found in db
06:36:01 - No records found in db
06:38:01 - No records found in db
06:40:01 - No records found in db
06:42:01 - No records found in db
06:44:01 - No records found in db
06:46:01 - No records found in db
06:48:01 - No records found in db
06:50:01 - No records found in db
06:52:01 - No records found in db
06:54:01 - No records found in db
06:56:01 - No records found in db
06:58:01 - No records found in db
07:00:01 - No records found in db
07:02:01 - No records found in db
07:04:01 - No records found in db
07:06:01 - No records found in db
07:08:01 - No records found in db
07:10:01 - No records found in db
07:12:01 - No records found in db
07:14:01 - No records found in db
07:16:01 - No records found in db
07:18:01 - No records found in db
07:20:01 - No records found in db
07:22:01 - No records found in db
07:24:01 - No records found in db
07:26:01 - No records found in db
07:28:01 - No records found in db
07:30:01 - No records found in db
07:32:01 - No records found in db
07:34:01 - No records found in db
07:36:01 - No records found in db
07:38:01 - No records found in db
07:40:01 - No records found in db
07:42:01 - No records found in db
07:44:01 - No records found in db
07:46:01 - No records found in db
07:48:01 - No records found in db
07:50:01 - No records found in db
07:52:01 - No records found in db
07:54:01 - No records found in db
07:56:01 - No records found in db
07:58:01 - No records found in db
08:00:01 - No records found in db
08:02:01 - No records found in db
08:04:01 - No records found in db
08:06:01 - No records found in db
08:08:01 - No records found in db
08:10:01 - No records found in db
08:12:02 - No records found in db
08:14:01 - No records found in db
08:16:01 - No records found in db
08:18:01 - No records found in db
08:20:01 - No records found in db
08:22:01 - No records found in db
08:24:01 - No records found in db
08:26:01 - No records found in db
08:28:01 - No records found in db
08:30:01 - No records found in db
08:32:01 - No records found in db
08:34:01 - No records found in db
08:36:01 - No records found in db
08:38:01 - No records found in db
08:40:01 - No records found in db
08:42:01 - No records found in db
08:44:01 - No records found in db
08:46:01 - No records found in db
08:48:02 - No records found in db
08:50:02 - aa4dc591-9ff2-41a3-a7ca-dce874df5b4f converted and moved
08:50:02 - ==============================================================================
08:52:02 - No records found in db
08:54:01 - No records found in db
08:56:01 - e1ef3cf5-fd6b-4440-a49a-fded8c7f1316 converted and moved
08:56:01 - ==============================================================================
08:58:01 - No records found in db
09:00:01 - No records found in db
09:02:02 - 55936629-53e6-47a2-91c5-0e4646415b17 converted and moved
09:02:02 - ==============================================================================
09:04:02 - No records found in db
09:06:01 - No records found in db
09:08:01 - a5c115da-bf6e-4109-9c9c-b55b630e6782 converted and moved
09:08:01 - ==============================================================================
09:10:01 - No records found in db
09:12:01 - No records found in db
09:14:01 - No records found in db
09:16:03 - 2d59c921-3b3a-47fe-a716-ff23b756a2ab converted and moved
09:16:03 - ==============================================================================
09:18:01 - No records found in db
09:20:02 - d72b8526-2212-4294-b3d4-1335da83cf86 converted and moved
09:20:02 - ==============================================================================
09:22:01 - No records found in db
09:24:01 - 8836a66c-b432-44d4-bfc8-53b1d3142216 converted and moved
09:24:01 - ==============================================================================
09:26:01 - No records found in db
09:28:01 - No records found in db
09:30:01 - No records found in db
09:32:01 - No records found in db
09:34:01 - No records found in db
09:36:01 - No records found in db
09:38:01 - No records found in db
09:40:01 - No records found in db
09:42:01 - No records found in db
09:44:02 - c9a79cff-2b08-4cb0-bdbc-7048c426ec07 converted and moved
09:44:02 - ==============================================================================
09:46:01 - No records found in db
09:48:01 - No records found in db
09:50:01 - No records found in db
09:52:01 - No records found in db
09:54:01 - No records found in db
09:56:01 - No records found in db
09:58:01 - No records found in db
10:00:02 - No records found in db
10:02:01 - No records found in db
10:04:01 - No records found in db
10:06:01 - No records found in db
10:08:01 - No records found in db
10:10:01 - No records found in db
10:12:01 - No records found in db
10:14:01 - No records found in db
10:16:01 - No records found in db
10:18:01 - No records found in db
10:20:01 - No records found in db
10:22:01 - No records found in db
10:24:01 - No records found in db
10:26:01 - No records found in db
10:28:01 - No records found in db
10:30:01 - No records found in db
10:32:01 - No records found in db
10:34:02 - No records found in db
10:36:01 - No records found in db
10:38:01 - No records found in db
10:40:01 - No records found in db
10:42:01 - No records found in db
10:44:01 - No records found in db
10:46:01 - No records found in db
10:48:01 - No records found in db
10:50:01 - No records found in db
10:52:01 - 7981eb20-dd6c-457b-979c-984f76808b5f converted and moved
10:52:01 - ==============================================================================
10:54:01 - No records found in db
10:56:01 - No records found in db
10:58:01 - No records found in db
11:00:02 - No records found in db
11:02:01 - No records found in db
11:04:01 - No records found in db
11:06:01 - No records found in db
11:08:01 - No records found in db
11:10:01 - No records found in db
11:12:01 - No records found in db
11:14:01 - No records found in db
11:16:01 - No records found in db
11:18:01 - No records found in db
11:20:01 - No records found in db
11:22:01 - No records found in db
11:24:01 - No records found in db
11:26:01 - No records found in db
11:28:01 - No records found in db
11:30:01 - No records found in db
11:32:01 - No records found in db
11:34:01 - No records found in db
11:36:02 - No records found in db
11:38:01 - No records found in db
11:40:01 - No records found in db
11:42:01 - No records found in db
11:44:01 - No records found in db
11:46:01 - No records found in db
11:48:01 - No records found in db
11:50:01 - No records found in db
11:52:01 - No records found in db
11:54:01 - No records found in db
11:56:01 - No records found in db
11:58:01 - No records found in db
12:00:01 - No records found in db
12:02:01 - No records found in db
12:04:02 - 819fe056-8377-431e-8dd3-8a1e634c408b converted and moved
12:04:02 - ==============================================================================
12:06:01 - No records found in db
12:08:02 - 1ab823c0-568c-4928-9c56-b6c27a2eac7e converted and moved
12:08:02 - ==============================================================================
12:10:01 - No records found in db
12:12:02 - 8dc6653b-e292-4662-b1b1-872a6b4db045 converted and moved
12:12:02 - ==============================================================================
12:14:02 - 97ecaf6b-98a0-42ad-9423-677a51526fc6 converted and moved
12:14:02 - ==============================================================================
12:16:01 - No records found in db
12:18:01 - No records found in db
12:20:01 - No records found in db
12:22:01 - c350d332-dcfb-485f-b4c2-de1f16ddb6c1 converted and moved
12:22:01 - b04c7476-a61e-4c3f-a57c-e627b2fad849 converted and moved
12:22:01 - ==============================================================================
12:24:01 - 1d37fb9c-002f-4f74-ac05-153bdd2a8ea4 converted and moved
12:24:01 - ==============================================================================
12:26:01 - No records found in db
12:28:01 - No records found in db
12:30:01 - No records found in db
12:32:01 - No records found in db
12:34:01 - No records found in db
12:36:01 - No records found in db
12:38:01 - No records found in db
12:40:01 - No records found in db
12:42:01 - No records found in db
12:44:01 - No records found in db
12:46:01 - No records found in db
12:48:01 - No records found in db
12:50:01 - No records found in db
12:52:01 - No records found in db
12:54:01 - No records found in db
12:56:01 - No records found in db
12:58:02 - a9a79398-c8ff-4a63-8c38-f58bfe11f407 converted and moved
12:58:03 - 6e6a8d8d-ef90-4cf4-b0e7-bdc1b7e6b1df converted and moved
12:58:03 - ==============================================================================
13:00:01 - No records found in db
13:02:02 - No records found in db
13:04:01 - No records found in db
13:06:01 - No records found in db
13:08:01 - No records found in db
13:10:01 - No records found in db
13:12:01 - No records found in db
13:14:01 - No records found in db
13:16:01 - No records found in db
13:18:01 - No records found in db
13:20:01 - No records found in db
13:22:01 - No records found in db
13:24:01 - No records found in db
13:26:01 - No records found in db
13:28:01 - No records found in db
13:30:01 - No records found in db
13:32:01 - No records found in db
13:34:01 - No records found in db
13:36:01 - No records found in db
13:38:02 - No records found in db
13:40:01 - No records found in db
13:42:01 - No records found in db
13:44:01 - No records found in db
13:46:01 - No records found in db
13:48:01 - No records found in db
14:34:02 - No records found in db
14:36:01 - No records found in db
14:38:01 - No records found in db
14:40:01 - No records found in db
14:42:01 - No records found in db
14:44:01 - No records found in db
14:46:01 - No records found in db
14:48:02 - No records found in db
14:50:01 - No records found in db
14:52:01 - No records found in db
14:54:01 - No records found in db
14:56:01 - No records found in db
14:58:01 - No records found in db
15:32:01 - No records found in db
15:34:01 - No records found in db
15:36:01 - No records found in db
15:40:01 - No records found in db
15:42:01 - No records found in db
15:44:01 - No records found in db
15:46:01 - No records found in db
15:48:01 - No records found in db
15:50:01 - No records found in db
16:10:01 - No records found in db
16:12:01 - No records found in db
16:14:01 - No records found in db
16:16:01 - No records found in db
16:18:01 - No records found in db
16:20:02 - No records found in db
16:22:01 - No records found in db
16:24:01 - No records found in db
16:26:01 - No records found in db
16:28:01 - No records found in db
16:30:01 - No records found in db
16:32:01 - No records found in db
16:34:01 - No records found in db
16:36:01 - No records found in db
16:38:01 - No records found in db
16:40:01 - No records found in db
16:42:01 - No records found in db
16:44:02 - No records found in db
16:46:01 - No records found in db
16:48:01 - No records found in db
16:50:01 - No records found in db
16:52:01 - No records found in db
16:54:01 - No records found in db
16:56:01 - No records found in db
16:58:01 - No records found in db
17:00:01 - No records found in db
17:02:01 - No records found in db
17:04:01 - No records found in db
17:06:01 - No records found in db
17:08:01 - No records found in db
17:10:01 - No records found in db
17:12:01 - No records found in db
17:14:01 - No records found in db
17:16:01 - No records found in db
17:18:01 - No records found in db
17:20:01 - No records found in db
17:22:01 - No records found in db
17:24:01 - No records found in db
17:26:01 - No records found in db
17:28:01 - No records found in db
17:30:01 - No records found in db
17:32:01 - No records found in db
17:34:01 - No records found in db
17:36:01 - No records found in db
17:38:01 - No records found in db
17:40:01 - No records found in db
17:42:01 - No records found in db
17:44:01 - No records found in db
17:46:01 - No records found in db
17:48:01 - No records found in db
17:50:01 - No records found in db
17:52:01 - No records found in db
17:54:01 - No records found in db
17:56:01 - No records found in db
17:58:01 - No records found in db
18:00:01 - No records found in db
18:02:01 - No records found in db
18:04:01 - No records found in db
18:06:01 - No records found in db
18:08:02 - No records found in db
18:10:01 - No records found in db
18:12:01 - No records found in db
18:14:01 - No records found in db
18:16:01 - No records found in db
18:18:01 - No records found in db
18:20:01 - No records found in db
18:22:01 - No records found in db
18:24:01 - No records found in db
18:26:01 - No records found in db
18:28:01 - No records found in db
18:30:01 - No records found in db
18:32:02 - No records found in db
18:34:01 - No records found in db
18:36:01 - No records found in db
18:38:01 - No records found in db
18:40:01 - No records found in db
18:42:01 - No records found in db
18:44:01 - No records found in db
18:46:01 - No records found in db
18:48:01 - No records found in db
18:50:01 - No records found in db
18:52:01 - No records found in db
18:54:01 - No records found in db
18:56:01 - No records found in db
18:58:01 - No records found in db
19:00:01 - No records found in db
19:02:01 - No records found in db
19:04:01 - No records found in db
19:06:01 - No records found in db
19:08:01 - No records found in db
19:10:01 - No records found in db
19:12:01 - No records found in db
19:14:01 - No records found in db
19:16:01 - No records found in db
19:18:01 - No records found in db
19:20:01 - No records found in db
19:22:01 - No records found in db
19:24:01 - No records found in db
19:26:01 - No records found in db
19:28:01 - No records found in db
19:30:01 - No records found in db
19:32:01 - No records found in db
19:34:01 - No records found in db
19:36:01 - No records found in db
19:38:01 - No records found in db
19:40:01 - No records found in db
19:42:01 - No records found in db
19:44:01 - No records found in db
19:46:02 - No records found in db
19:48:01 - No records found in db
19:50:01 - No records found in db
19:52:01 - No records found in db
19:54:01 - No records found in db
19:56:01 - No records found in db
19:58:01 - No records found in db
20:00:01 - No records found in db
20:02:01 - No records found in db
20:04:01 - No records found in db
20:06:01 - No records found in db
20:08:01 - No records found in db
20:10:01 - No records found in db
20:12:01 - No records found in db
20:14:01 - No records found in db
20:16:01 - No records found in db
20:18:01 - No records found in db
20:20:01 - No records found in db
20:22:01 - No records found in db
20:24:01 - No records found in db
20:26:01 - No records found in db
20:28:01 - No records found in db
20:30:01 - No records found in db
20:32:01 - No records found in db
20:34:01 - No records found in db
20:36:01 - No records found in db
20:38:01 - No records found in db
20:40:01 - No records found in db
20:42:01 - No records found in db
20:44:01 - No records found in db
20:46:01 - No records found in db
20:48:01 - No records found in db
20:50:01 - No records found in db
20:52:01 - No records found in db
20:54:01 - No records found in db
20:56:01 - No records found in db
20:58:01 - No records found in db
21:00:01 - No records found in db
21:02:01 - No records found in db
21:04:01 - No records found in db
21:06:01 - No records found in db
21:08:01 - No records found in db
21:10:01 - No records found in db
21:12:01 - No records found in db
21:14:01 - No records found in db
21:16:01 - No records found in db
21:18:01 - No records found in db
21:20:01 - No records found in db
21:22:01 - No records found in db
21:24:01 - No records found in db
21:26:01 - No records found in db
21:28:01 - No records found in db
21:30:01 - No records found in db
21:32:01 - No records found in db
21:34:01 - No records found in db
21:36:02 - No records found in db
21:38:01 - No records found in db
21:40:01 - No records found in db
21:42:01 - No records found in db
21:44:01 - No records found in db
21:46:01 - No records found in db
21:48:01 - No records found in db
21:50:01 - No records found in db
21:52:01 - No records found in db
21:54:01 - No records found in db
21:56:01 - No records found in db
21:58:01 - No records found in db
22:00:02 - No records found in db
22:02:01 - No records found in db
22:04:01 - No records found in db
22:06:01 - No records found in db
22:08:01 - No records found in db
22:10:01 - No records found in db
22:12:01 - No records found in db
22:14:01 - No records found in db
22:16:01 - No records found in db
22:18:01 - No records found in db
22:20:01 - No records found in db
22:22:01 - No records found in db
22:24:01 - No records found in db
22:26:01 - No records found in db
22:28:01 - No records found in db
22:30:01 - No records found in db
22:32:01 - No records found in db
22:34:01 - No records found in db
22:36:01 - No records found in db
22:38:01 - No records found in db
22:40:01 - No records found in db
22:42:01 - No records found in db
22:44:01 - No records found in db
22:46:01 - No records found in db
22:48:01 - No records found in db
22:50:02 - No records found in db
22:52:01 - No records found in db
22:54:01 - No records found in db
22:56:01 - No records found in db
22:58:01 - No records found in db
23:00:01 - No records found in db
23:02:01 - No records found in db
23:04:01 - No records found in db
23:06:01 - No records found in db
23:08:01 - No records found in db
23:10:01 - No records found in db
23:12:01 - No records found in db
23:14:01 - No records found in db
23:16:02 - No records found in db
23:18:01 - No records found in db
23:20:01 - No records found in db
23:22:01 - No records found in db
23:24:01 - No records found in db
23:26:01 - No records found in db
23:28:01 - No records found in db
23:30:01 - No records found in db
23:32:01 - No records found in db
23:34:01 - No records found in db
23:36:01 - No records found in db
23:38:01 - No records found in db
23:40:02 - No records found in db
23:42:01 - No records found in db
23:44:01 - No records found in db
23:46:01 - No records found in db
23:48:01 - No records found in db
23:50:01 - No records found in db
23:52:01 - No records found in db
23:54:01 - No records found in db
23:56:01 - No records found in db
23:58:01 - No records found in db
