15:31:12 - 4504c2b0-6f98-4a87-9c59-519a58c85c85 converted and moved
15:31:12 - 722a197a-3717-4fb1-96ba-fe3ef7bbd6b2 converted and moved
15:31:12 - ef461ebe-a9db-45ad-963b-02a533a0666a converted and moved
15:31:12 - af1f35e8-5ee2-4ad8-8d80-f86eec3760e1 converted and moved
15:31:13 - 6cad8d16-3c79-465f-a8a9-59ac934ea524 converted and moved
15:31:13 - 405f1d1a-95b6-4eda-b0d2-396823987176 converted and moved
15:31:13 - b8d645c7-91e9-4d85-a94e-56b891fc59a1 converted and moved
15:31:13 - 33eeb088-e70e-493d-adde-ca89d956e663 converted and moved
15:31:13 - dd34dc0d-89cf-4be3-8a19-0fafa6796c86 converted and moved
15:31:13 - ca21a8a0-ab3a-4dfa-af89-ef1f36cc4fd6 converted and moved
15:31:13 - bc822090-8b47-4330-aa40-9c9854337b95 converted and moved
15:31:14 - 1bcd11c2-3c6f-406f-b2c4-9600a3c8a2e4 converted and moved
15:31:14 - dea02ba1-4de8-4248-9df4-f69eceb531d6 converted and moved
15:31:14 - 9a789e1e-66f7-45a8-a95a-d36bbb287ba3 converted and moved
15:31:14 - 05a99869-fd44-46c8-846b-b88a12c184ae converted and moved
15:31:15 - e1967c34-afc1-48a8-b3b4-e8fa8c056f20 converted and moved
15:31:16 - 704686e7-4ac4-4127-8087-b419d6c0b9c3 converted and moved
15:31:16 - 08e1d7ff-19cc-4935-b286-3f836ed34de5 converted and moved
15:31:17 - 95810c1f-ee92-4fdc-934c-d7e2aadd8973 converted and moved
15:31:18 - ca996df1-aea5-4638-bb38-f395e13cfe10 converted and moved
15:31:18 - 5aec3692-fc5a-40d9-b47c-8d2a6e8731a8 converted and moved
15:31:19 - ece86c46-8fb5-47c3-902c-b6830c610601 converted and moved
15:31:19 - b14d24e4-e5fe-4a37-94bd-07f08195422d converted and moved
15:31:20 - 17b2fe28-c5de-4295-bc39-1932baadcd12 converted and moved
15:31:20 - e6979309-16c2-4bb7-9645-573b0e6a01cb converted and moved
15:31:27 - 920c711a-ebd3-45d9-9bae-e427174774ee converted and moved
15:31:27 - 5538f466-4c3e-4533-be9a-69ccbb33251b converted and moved
15:31:27 - ==============================================================================
15:54:18 - Hello World!
16:15:05 - 2cb533d6-9b9a-4615-8450-f08f053a57cc converted and moved
16:15:05 - ==============================================================================
17:53:02 - c3cf9c95-aeaa-48a0-a874-a2fd1a5574b8 converted and moved
17:53:02 - ==============================================================================
19:51:34 - No wav files found for conversion
19:51:34 - ==============================================================================
20:04:01 - 24ce7b8b-d8a4-46bb-b5bc-acd0506b2ddb converted and moved
20:04:01 - ==============================================================================
20:06:01 - No wav files found for conversion
20:06:01 - ==============================================================================
20:08:01 - No wav files found for conversion
20:08:01 - ==============================================================================
20:10:01 - No wav files found for conversion
20:10:01 - ==============================================================================
20:12:01 - No wav files found for conversion
20:12:01 - ==============================================================================
20:14:01 - No wav files found for conversion
20:14:01 - ==============================================================================
20:16:01 - No wav files found for conversion
20:16:01 - ==============================================================================
20:18:01 - No wav files found for conversion
20:18:01 - ==============================================================================
20:20:01 - No wav files found for conversion
20:20:01 - ==============================================================================
20:22:01 - No wav files found for conversion
20:22:01 - ==============================================================================
20:24:01 - No wav files found for conversion
20:24:01 - ==============================================================================
20:26:01 - No wav files found for conversion
20:26:01 - ==============================================================================
20:28:01 - No wav files found for conversion
20:28:01 - ==============================================================================
20:30:01 - No wav files found for conversion
20:30:01 - ==============================================================================
20:32:01 - No wav files found for conversion
20:32:01 - ==============================================================================
20:34:01 - No wav files found for conversion
20:34:01 - ==============================================================================
20:36:01 - No wav files found for conversion
20:36:01 - ==============================================================================
20:38:01 - No wav files found for conversion
20:38:01 - ==============================================================================
20:40:01 - No wav files found for conversion
20:40:01 - ==============================================================================
20:42:01 - No wav files found for conversion
20:42:01 - ==============================================================================
20:44:01 - No wav files found for conversion
20:44:01 - ==============================================================================
20:46:01 - No wav files found for conversion
20:46:01 - ==============================================================================
20:48:01 - No wav files found for conversion
20:48:01 - ==============================================================================
20:50:01 - No wav files found for conversion
20:50:01 - ==============================================================================
20:52:01 - No wav files found for conversion
20:52:01 - ==============================================================================
20:54:01 - No wav files found for conversion
20:54:01 - ==============================================================================
20:56:01 - No wav files found for conversion
20:56:01 - ==============================================================================
20:58:01 - No wav files found for conversion
20:58:01 - ==============================================================================
21:00:01 - No wav files found for conversion
21:00:01 - ==============================================================================
21:02:01 - No wav files found for conversion
21:02:01 - ==============================================================================
21:04:01 - No wav files found for conversion
21:04:01 - ==============================================================================
21:06:01 - No wav files found for conversion
21:06:01 - ==============================================================================
21:08:01 - No wav files found for conversion
21:08:01 - ==============================================================================
21:10:01 - No wav files found for conversion
21:10:01 - ==============================================================================
21:12:01 - No wav files found for conversion
21:12:01 - ==============================================================================
21:14:01 - No wav files found for conversion
21:14:01 - ==============================================================================
21:16:01 - No wav files found for conversion
21:16:01 - ==============================================================================
21:18:01 - No wav files found for conversion
21:18:01 - ==============================================================================
21:20:01 - No wav files found for conversion
21:20:01 - ==============================================================================
21:22:01 - No wav files found for conversion
21:22:01 - ==============================================================================
21:24:01 - No wav files found for conversion
21:24:01 - ==============================================================================
21:26:01 - No wav files found for conversion
21:26:01 - ==============================================================================
21:28:01 - No wav files found for conversion
21:28:01 - ==============================================================================
21:30:01 - No wav files found for conversion
21:30:01 - ==============================================================================
21:32:01 - No wav files found for conversion
21:32:01 - ==============================================================================
21:34:01 - No wav files found for conversion
21:34:01 - ==============================================================================
21:36:01 - No wav files found for conversion
21:36:01 - ==============================================================================
21:38:01 - No wav files found for conversion
21:38:01 - ==============================================================================
21:40:01 - No wav files found for conversion
21:40:01 - ==============================================================================
21:42:02 - No wav files found for conversion
21:42:02 - ==============================================================================
21:44:01 - No wav files found for conversion
21:44:01 - ==============================================================================
21:46:01 - No wav files found for conversion
21:46:01 - ==============================================================================
21:48:01 - No wav files found for conversion
21:48:01 - ==============================================================================
21:50:01 - No wav files found for conversion
21:50:01 - ==============================================================================
21:52:01 - No wav files found for conversion
21:52:01 - ==============================================================================
21:54:01 - No wav files found for conversion
21:54:01 - ==============================================================================
21:56:01 - No wav files found for conversion
21:56:01 - ==============================================================================
21:58:01 - No wav files found for conversion
21:58:01 - ==============================================================================
22:00:01 - No wav files found for conversion
22:00:01 - ==============================================================================
22:02:01 - No wav files found for conversion
22:02:01 - ==============================================================================
22:04:01 - No wav files found for conversion
22:04:01 - ==============================================================================
22:06:01 - No wav files found for conversion
22:06:01 - ==============================================================================
22:08:01 - No wav files found for conversion
22:08:01 - ==============================================================================
22:10:01 - No wav files found for conversion
22:10:01 - ==============================================================================
22:12:01 - No wav files found for conversion
22:12:01 - ==============================================================================
22:14:01 - No wav files found for conversion
22:14:01 - ==============================================================================
22:16:01 - No wav files found for conversion
22:16:01 - ==============================================================================
22:18:01 - No wav files found for conversion
22:18:01 - ==============================================================================
22:20:02 - No wav files found for conversion
22:20:02 - ==============================================================================
22:22:01 - No wav files found for conversion
22:22:01 - ==============================================================================
22:24:01 - No wav files found for conversion
22:24:01 - ==============================================================================
22:26:01 - No wav files found for conversion
22:26:01 - ==============================================================================
22:28:01 - No wav files found for conversion
22:28:01 - ==============================================================================
22:30:01 - No wav files found for conversion
22:30:01 - ==============================================================================
22:32:01 - No wav files found for conversion
22:32:01 - ==============================================================================
22:34:01 - No wav files found for conversion
22:34:01 - ==============================================================================
22:36:01 - No wav files found for conversion
22:36:01 - ==============================================================================
22:38:01 - No wav files found for conversion
22:38:01 - ==============================================================================
22:40:01 - No wav files found for conversion
22:40:01 - ==============================================================================
22:42:01 - No wav files found for conversion
22:42:01 - ==============================================================================
22:44:01 - No wav files found for conversion
22:44:01 - ==============================================================================
22:46:01 - No wav files found for conversion
22:46:01 - ==============================================================================
22:48:01 - No wav files found for conversion
22:48:01 - ==============================================================================
22:50:01 - No wav files found for conversion
22:50:01 - ==============================================================================
22:52:01 - No wav files found for conversion
22:52:01 - ==============================================================================
22:54:01 - No wav files found for conversion
22:54:01 - ==============================================================================
22:56:01 - No wav files found for conversion
22:56:01 - ==============================================================================
22:58:02 - No wav files found for conversion
22:58:02 - ==============================================================================
23:00:01 - No wav files found for conversion
23:00:01 - ==============================================================================
23:02:01 - No wav files found for conversion
23:02:01 - ==============================================================================
23:04:01 - No wav files found for conversion
23:04:01 - ==============================================================================
23:06:01 - No wav files found for conversion
23:06:01 - ==============================================================================
23:08:01 - No wav files found for conversion
23:08:01 - ==============================================================================
23:10:01 - No wav files found for conversion
23:10:01 - ==============================================================================
23:12:01 - No wav files found for conversion
23:12:01 - ==============================================================================
23:14:01 - No wav files found for conversion
23:14:01 - ==============================================================================
23:16:01 - No wav files found for conversion
23:16:01 - ==============================================================================
23:18:01 - No wav files found for conversion
23:18:01 - ==============================================================================
23:20:01 - No wav files found for conversion
23:20:01 - ==============================================================================
23:22:01 - No wav files found for conversion
23:22:01 - ==============================================================================
23:24:01 - No wav files found for conversion
23:24:01 - ==============================================================================
23:26:01 - No wav files found for conversion
23:26:01 - ==============================================================================
23:28:01 - No wav files found for conversion
23:28:01 - ==============================================================================
23:30:01 - No wav files found for conversion
23:30:01 - ==============================================================================
23:32:01 - No wav files found for conversion
23:32:01 - ==============================================================================
23:34:01 - No wav files found for conversion
23:34:01 - ==============================================================================
23:36:02 - No wav files found for conversion
23:36:02 - ==============================================================================
23:38:01 - No wav files found for conversion
23:38:01 - ==============================================================================
23:40:01 - No wav files found for conversion
23:40:01 - ==============================================================================
23:42:01 - No wav files found for conversion
23:42:01 - ==============================================================================
23:44:01 - No wav files found for conversion
23:44:01 - ==============================================================================
23:46:01 - No wav files found for conversion
23:46:01 - ==============================================================================
23:48:01 - No wav files found for conversion
23:48:01 - ==============================================================================
23:50:01 - No wav files found for conversion
23:50:01 - ==============================================================================
23:52:01 - No wav files found for conversion
23:52:01 - ==============================================================================
23:54:01 - No wav files found for conversion
23:54:01 - ==============================================================================
23:56:01 - No wav files found for conversion
23:56:01 - ==============================================================================
23:58:01 - No wav files found for conversion
23:58:01 - ==============================================================================
